#
# There is insufficient memory for the Java Runtime Environment to continue.
# Native memory allocation (mmap) failed to map 155189248 bytes for G1 virtual space
# Possible reasons:
#   The system is out of physical RAM or swap space
#   The process is running with CompressedOops enabled, and the Java Heap may be blocking the growth of the native heap
# Possible solutions:
#   Reduce memory load on the system
#   Increase physical memory or swap space
#   Check if swap backing store is full
#   Decrease Java heap size (-Xmx/-Xms)
#   Decrease number of Java threads
#   Decrease Java thread stack sizes (-Xss)
#   Set larger code cache with -XX:ReservedCodeCacheSize=
#   JVM is running with Unscaled Compressed Oops mode in which the Java heap is
#     placed in the first 4GB address space. The Java Heap base address is the
#     maximum limit for the native heap growth. Please use -XX:HeapBaseMinAddress
#     to set the Java Heap base and to place the Java Heap above 4GB virtual address.
# This output file may be truncated or incomplete.
#
#  Out of Memory Error (os_windows.cpp:3466), pid=5724, tid=2452
#
# JRE version: OpenJDK Runtime Environment (16.0.2+7) (build 16.0.2+7-67)
# Java VM: OpenJDK 64-Bit Server VM (16.0.2+7-67, mixed mode, tiered, compressed oops, compressed class ptrs, g1 gc, windows-amd64)
# No core dump will be written. Minidumps are not enabled by default on client versions of Windows
#

---------------  S U M M A R Y ------------

Command Line: -Dcom.sun.management.jmxremote -Dcom.sun.management.jmxremote.port=52340 -Dcom.sun.management.jmxremote.authenticate=false -Dcom.sun.management.jmxremote.ssl=false -Djava.rmi.server.hostname=localhost -Dspring.jmx.enabled=true -Dspring.application.admin.enabled=true -XX:TieredStopAtLevel=1 -Dspring.boot.project.name=ordemservico-back -Dfile.encoding=UTF-8 -XX:+ShowCodeDetailsInExceptionMessages br.edu.ifms.ordemservico.OrdemservicoBackApplication --spring.output.ansi.enabled=always

Host: Intel(R) Atom(TM) x5-Z8350  CPU @ 1.44GHz, 4 cores, 1G,  Windows 10 , 64 bit Build 10240 (10.0.10240.17113)
Time: Sat Sep 18 16:28:49 2021 Hora oficial do Brasil elapsed time: 674.996144 seconds (0d 0h 11m 14s)

---------------  T H R E A D  ---------------

Current thread (0x00000056f7b01f20):  VMThread "VM Thread" [stack: 0x00000056f7c10000,0x00000056f7d10000] [id=2452]

Stack: [0x00000056f7c10000,0x00000056f7d10000]
Native frames: (J=compiled Java code, j=interpreted, Vv=VM code, C=native code)
V  [jvm.dll+0x6681ca]
V  [jvm.dll+0x7c9e69]
V  [jvm.dll+0x7cb61e]
V  [jvm.dll+0x7cbc73]
V  [jvm.dll+0x242c55]
V  [jvm.dll+0x664f89]
V  [jvm.dll+0x659b75]
V  [jvm.dll+0x2fbfbb]
V  [jvm.dll+0x3031b6]
V  [jvm.dll+0x35299e]
V  [jvm.dll+0x352bcf]
V  [jvm.dll+0x2d3028]
V  [jvm.dll+0x2d0bb5]
V  [jvm.dll+0x2d01ec]
V  [jvm.dll+0x3152d2]
V  [jvm.dll+0x7d00ab]
V  [jvm.dll+0x7d0da4]
V  [jvm.dll+0x7d12a9]
V  [jvm.dll+0x7d1564]
V  [jvm.dll+0x7d1630]
V  [jvm.dll+0x7795aa]
V  [jvm.dll+0x667066]
C  [ucrtbase.dll+0x6829d]
C  [KERNEL32.DLL+0x12d92]
C  [ntdll.dll+0x9f64]

VM_Operation (0x00000056815cd1f0): G1CollectForAllocation, mode: safepoint, requested by thread 0x00000056803145b0


---------------  P R O C E S S  ---------------

Threads class SMR info:
_java_thread_list=0x000000568067b8f0, length=23, elements={
0x00000056f7b73020, 0x00000056f7b34af0, 0x00000056f7b77fb0, 0x00000056f7bab010,
0x00000056f7babbe0, 0x00000056f7bad660, 0x00000056f7badf70, 0x00000056f7be4850,
0x00000056e1b33350, 0x00000056f905a7f0, 0x00000056f97dc5e0, 0x00000056f97dcb00,
0x00000056f97d9d30, 0x00000056f9857360, 0x00000056f98f2020, 0x00000056f9c280f0,
0x00000056f9c29630, 0x0000005680316ae0, 0x0000005680313b10, 0x0000005680315050,
0x0000005680317030, 0x0000005680319560, 0x00000056803145b0
}

Java Threads: ( => current thread )
  0x00000056f7b73020 JavaThread "Reference Handler" daemon [_thread_blocked, id=6076, stack(0x00000056f7d10000,0x00000056f7e10000)]
  0x00000056f7b34af0 JavaThread "Finalizer" daemon [_thread_blocked, id=6100, stack(0x00000056f7e10000,0x00000056f7f10000)]
  0x00000056f7b77fb0 JavaThread "Signal Dispatcher" daemon [_thread_blocked, id=6996, stack(0x00000056f8900000,0x00000056f8a00000)]
  0x00000056f7bab010 JavaThread "Attach Listener" daemon [_thread_blocked, id=8044, stack(0x00000056f8a00000,0x00000056f8b00000)]
  0x00000056f7babbe0 JavaThread "Service Thread" daemon [_thread_blocked, id=2448, stack(0x00000056f8b00000,0x00000056f8c00000)]
  0x00000056f7bad660 JavaThread "Monitor Deflation Thread" daemon [_thread_blocked, id=4828, stack(0x00000056f8c00000,0x00000056f8d00000)]
  0x00000056f7badf70 JavaThread "C1 CompilerThread0" daemon [_thread_blocked, id=5280, stack(0x00000056f8d00000,0x00000056f8e00000)]
  0x00000056f7be4850 JavaThread "Sweeper thread" daemon [_thread_blocked, id=140, stack(0x00000056f8e00000,0x00000056f8f00000)]
  0x00000056e1b33350 JavaThread "Common-Cleaner" daemon [_thread_blocked, id=6648, stack(0x00000056f9300000,0x00000056f9400000)]
  0x00000056f905a7f0 JavaThread "Notification Thread" daemon [_thread_blocked, id=2716, stack(0x00000056f9400000,0x00000056f9500000)]
  0x00000056f97dc5e0 JavaThread "RMI TCP Accept-0" daemon [_thread_in_native, id=6844, stack(0x00000056f9e00000,0x00000056f9f00000)]
  0x00000056f97dcb00 JavaThread "RMI TCP Accept-52340" daemon [_thread_in_native, id=5080, stack(0x00000056f9f00000,0x00000056fa000000)]
  0x00000056f97d9d30 JavaThread "RMI TCP Accept-0" daemon [_thread_in_native, id=6568, stack(0x00000056fab40000,0x00000056fac40000)]
  0x00000056f9857360 JavaThread "RMI Scheduler(0)" daemon [_thread_blocked, id=2632, stack(0x00000056fb340000,0x00000056fb440000)]
  0x00000056f98f2020 JavaThread "JMX server connection timeout 21" daemon [_thread_blocked, id=7468, stack(0x00000056fb640000,0x00000056fb740000)]
  0x00000056f9c280f0 JavaThread "Live Reload Server" daemon [_thread_in_native, id=3512, stack(0x00000056ff800000,0x00000056ff900000)]
  0x00000056f9c29630 JavaThread "DestroyJavaVM" [_thread_blocked, id=7860, stack(0x00000056e1150000,0x00000056e1250000)]
  0x0000005680316ae0 JavaThread "RMI TCP Connection(48)-127.0.0.1" daemon [_thread_in_native, id=5480, stack(0x0000005681ed0000,0x0000005681fd0000)]
  0x0000005680313b10 JavaThread "RMI TCP Connection(49)-127.0.0.1" daemon [_thread_in_native, id=2280, stack(0x0000005680fd0000,0x00000056810d0000)]
  0x0000005680315050 JavaThread "RMI TCP Connection(50)-127.0.0.1" daemon [_thread_in_native, id=5408, stack(0x0000005681dd0000,0x0000005681ed0000)]
  0x0000005680317030 JavaThread "RMI TCP Connection(51)-127.0.0.1" daemon [_thread_in_native, id=472, stack(0x00000056816d0000,0x00000056817d0000)]
  0x0000005680319560 JavaThread "Thread-60" [_thread_blocked, id=1068, stack(0x00000056815d0000,0x00000056816d0000)]
  0x00000056803145b0 JavaThread "restartedMain" [_thread_blocked, id=4740, stack(0x00000056814d0000,0x00000056815d0000)]

Other Threads:
=>0x00000056f7b01f20 VMThread "VM Thread" [stack: 0x00000056f7c10000,0x00000056f7d10000] [id=2452]
  0x00000056e1a7ccb0 WatcherThread [stack: 0x00000056fac40000,0x00000056fad40000] [id=5052]
  0x00000056e1aa1f30 GCTaskThread "GC Thread#0" [stack: 0x00000056f50d0000,0x00000056f51d0000] [id=468]
  0x00000056df72e390 GCTaskThread "GC Thread#1" [stack: 0x00000056fad40000,0x00000056fae40000] [id=3756]
  0x00000056f9859e10 GCTaskThread "GC Thread#2" [stack: 0x00000056fae40000,0x00000056faf40000] [id=2556]
  0x00000056f987fbc0 GCTaskThread "GC Thread#3" [stack: 0x00000056faf40000,0x00000056fb040000] [id=8140]
  0x00000056e1aa7c40 ConcurrentGCThread "G1 Main Marker" [stack: 0x00000056f51d0000,0x00000056f52d0000] [id=3808]
  0x00000056e1aaa440 ConcurrentGCThread "G1 Conc#0" [stack: 0x00000056f52d0000,0x00000056f53d0000] [id=6652]
  0x00000056e1ad2690 ConcurrentGCThread "G1 Refine#0" [stack: 0x00000056f7810000,0x00000056f7910000] [id=7968]
  0x00000056f983be60 ConcurrentGCThread "G1 Refine#1" [stack: 0x00000056fb040000,0x00000056fb140000] [id=3548]
  0x00000056f9857020 ConcurrentGCThread "G1 Refine#2" [stack: 0x00000056fb140000,0x00000056fb240000] [id=2692]
  0x00000056e1ad3d50 ConcurrentGCThread "G1 Service" [stack: 0x00000056f7910000,0x00000056f7a10000] [id=1224]

Threads with active compile tasks:

VM state: at safepoint (normal execution)

VM Mutex/Monitor currently owned by a thread:  ([mutex/lock_event])
[0x00000056e1a68850] Threads_lock - owner thread: 0x00000056f7b01f20
[0x00000056e1a69420] Heap_lock - owner thread: 0x00000056803145b0

Heap address: 0x00000000e2200000, size: 478 MB, Compressed Oops mode: 32-bit

CDS disabled.
Compressed class space mapped at: 0x0000000100000000-0x0000000140000000, reserved size: 1073741824
Narrow klass base: 0x0000000000000000, Narrow klass shift: 3, Narrow klass range: 0x140000000

GC Precious Log:
 CPUs: 4 total, 4 available
 Memory: 1908M
 Large Page Support: Disabled
 NUMA Support: Disabled
 Compressed Oops: Enabled (32-bit)
 Heap Region Size: 1M
 Heap Min Capacity: 8M
 Heap Initial Capacity: 30M
 Heap Max Capacity: 478M
 Pre-touch: Disabled
 Parallel Workers: 4
 Concurrent Workers: 1
 Concurrent Refinement Workers: 4
 Periodic GC: Disabled

Heap:
 garbage-first heap   total 75776K, used 25687K [0x00000000e2200000, 0x0000000100000000)
  region size 1024K, 3 young (3072K), 3 survivors (3072K)
 Metaspace       used 68164K, committed 69120K, reserved 1114112K
  class space    used 8982K, committed 9408K, reserved 1048576K

Heap Regions: E=young(eden), S=young(survivor), O=old, HS=humongous(starts), HC=humongous(continues), CS=collection set, F=free, OA=open archive, CA=closed archive, TAMS=top-at-mark-start (previous, next)
|   0|0x00000000e2200000, 0x00000000e2300000, 0x00000000e2300000|100%|HS|  |TAMS 0x00000000e2300000, 0x00000000e2200000| Untracked 
|   1|0x00000000e2300000, 0x00000000e23ffff8, 0x00000000e2400000| 99%| O|  |TAMS 0x00000000e2300000, 0x00000000e2300000| Untracked 
|   2|0x00000000e2400000, 0x00000000e24ffff8, 0x00000000e2500000| 99%| O|  |TAMS 0x00000000e2400000, 0x00000000e2400000| Untracked 
|   3|0x00000000e2500000, 0x00000000e25ffff0, 0x00000000e2600000| 99%| O|  |TAMS 0x00000000e2500000, 0x00000000e2500000| Untracked 
|   4|0x00000000e2600000, 0x00000000e26ffff0, 0x00000000e2700000| 99%| O|  |TAMS 0x00000000e2600000, 0x00000000e2600000| Untracked 
|   5|0x00000000e2700000, 0x00000000e27fe1b0, 0x00000000e2800000| 99%| O|  |TAMS 0x00000000e2700000, 0x00000000e2700000| Untracked 
|   6|0x00000000e2800000, 0x00000000e28ffff0, 0x00000000e2900000| 99%| O|  |TAMS 0x00000000e2800000, 0x00000000e2800000| Untracked 
|   7|0x00000000e2900000, 0x00000000e2a00000, 0x00000000e2a00000|100%| O|  |TAMS 0x00000000e2900000, 0x00000000e2900000| Untracked 
|   8|0x00000000e2a00000, 0x00000000e2affff8, 0x00000000e2b00000| 99%| O|  |TAMS 0x00000000e2a00000, 0x00000000e2a00000| Untracked 
|   9|0x00000000e2b00000, 0x00000000e2bffff0, 0x00000000e2c00000| 99%| O|  |TAMS 0x00000000e2b00000, 0x00000000e2b00000| Untracked 
|  10|0x00000000e2c00000, 0x00000000e2d00000, 0x00000000e2d00000|100%| O|  |TAMS 0x00000000e2c00000, 0x00000000e2c00000| Untracked 
|  11|0x00000000e2d00000, 0x00000000e2dfffd0, 0x00000000e2e00000| 99%| O|  |TAMS 0x00000000e2d00000, 0x00000000e2d00000| Untracked 
|  12|0x00000000e2e00000, 0x00000000e2effff0, 0x00000000e2f00000| 99%| O|  |TAMS 0x00000000e2e00000, 0x00000000e2e00000| Untracked 
|  13|0x00000000e2f00000, 0x00000000e2ffff90, 0x00000000e3000000| 99%| O|  |TAMS 0x00000000e2f00000, 0x00000000e2f00000| Untracked 
|  14|0x00000000e3000000, 0x00000000e30fffe8, 0x00000000e3100000| 99%| O|  |TAMS 0x00000000e3000000, 0x00000000e3000000| Untracked 
|  15|0x00000000e3100000, 0x00000000e3200000, 0x00000000e3200000|100%| O|  |TAMS 0x00000000e3100000, 0x00000000e3100000| Untracked 
|  16|0x00000000e3200000, 0x00000000e3300000, 0x00000000e3300000|100%| O|  |TAMS 0x00000000e3200000, 0x00000000e3200000| Untracked 
|  17|0x00000000e3300000, 0x00000000e33fffb8, 0x00000000e3400000| 99%| O|  |TAMS 0x00000000e3300000, 0x00000000e3300000| Untracked 
|  18|0x00000000e3400000, 0x00000000e3500000, 0x00000000e3500000|100%| O|  |TAMS 0x00000000e3400000, 0x00000000e3400000| Untracked 
|  19|0x00000000e3500000, 0x00000000e35fffb8, 0x00000000e3600000| 99%| O|  |TAMS 0x00000000e3500000, 0x00000000e3500000| Untracked 
|  20|0x00000000e3600000, 0x00000000e36ef7a8, 0x00000000e3700000| 93%| O|  |TAMS 0x00000000e3600000, 0x00000000e3600000| Untracked 
|  21|0x00000000e3700000, 0x00000000e37ffff8, 0x00000000e3800000| 99%| O|  |TAMS 0x00000000e3700000, 0x00000000e3700000| Untracked 
|  22|0x00000000e3800000, 0x00000000e3800000, 0x00000000e3900000|  0%| F|  |TAMS 0x00000000e3800000, 0x00000000e3800000| Untracked 
|  23|0x00000000e3900000, 0x00000000e3900000, 0x00000000e3a00000|  0%| F|  |TAMS 0x00000000e3900000, 0x00000000e3900000| Untracked 
|  24|0x00000000e3a00000, 0x00000000e3a00000, 0x00000000e3b00000|  0%| F|  |TAMS 0x00000000e3a00000, 0x00000000e3a00000| Untracked 
|  25|0x00000000e3b00000, 0x00000000e3b00000, 0x00000000e3c00000|  0%| F|  |TAMS 0x00000000e3b00000, 0x00000000e3b00000| Untracked 
|  26|0x00000000e3c00000, 0x00000000e3c00000, 0x00000000e3d00000|  0%| F|  |TAMS 0x00000000e3c00000, 0x00000000e3c00000| Untracked 
|  27|0x00000000e3d00000, 0x00000000e3d00000, 0x00000000e3e00000|  0%| F|  |TAMS 0x00000000e3d00000, 0x00000000e3d00000| Untracked 
|  28|0x00000000e3e00000, 0x00000000e3e00000, 0x00000000e3f00000|  0%| F|  |TAMS 0x00000000e3e00000, 0x00000000e3e00000| Untracked 
|  29|0x00000000e3f00000, 0x00000000e3f00000, 0x00000000e4000000|  0%| F|  |TAMS 0x00000000e3f00000, 0x00000000e3f00000| Untracked 
|  30|0x00000000e4000000, 0x00000000e4000000, 0x00000000e4100000|  0%| F|  |TAMS 0x00000000e4000000, 0x00000000e4000000| Untracked 
|  31|0x00000000e4100000, 0x00000000e4100000, 0x00000000e4200000|  0%| F|  |TAMS 0x00000000e4100000, 0x00000000e4100000| Untracked 
|  32|0x00000000e4200000, 0x00000000e4200000, 0x00000000e4300000|  0%| F|  |TAMS 0x00000000e4200000, 0x00000000e4200000| Untracked 
|  33|0x00000000e4300000, 0x00000000e43b8950, 0x00000000e4400000| 72%| S|CS|TAMS 0x00000000e4300000, 0x00000000e4300000| Complete 
|  34|0x00000000e4400000, 0x00000000e4500000, 0x00000000e4500000|100%| S|CS|TAMS 0x00000000e4400000, 0x00000000e4400000| Complete 
|  35|0x00000000e4500000, 0x00000000e4521668, 0x00000000e4600000| 13%| O|  |TAMS 0x00000000e4500000, 0x00000000e4500000| Untracked 
|  36|0x00000000e4600000, 0x00000000e4700000, 0x00000000e4700000|100%| S|CS|TAMS 0x00000000e4600000, 0x00000000e4600000| Complete 
|  37|0x00000000e4700000, 0x00000000e4700000, 0x00000000e4800000|  0%| F|  |TAMS 0x00000000e4700000, 0x00000000e4700000| Untracked 
|  38|0x00000000e4800000, 0x00000000e4800000, 0x00000000e4900000|  0%| F|  |TAMS 0x00000000e4800000, 0x00000000e4800000| Untracked 
|  39|0x00000000e4900000, 0x00000000e4900000, 0x00000000e4a00000|  0%| F|  |TAMS 0x00000000e4900000, 0x00000000e4900000| Untracked 
|  40|0x00000000e4a00000, 0x00000000e4a4e7e8, 0x00000000e4b00000| 30%| O|  |TAMS 0x00000000e4a00000, 0x00000000e4a00000| Untracked 
|  41|0x00000000e4b00000, 0x00000000e4b00000, 0x00000000e4c00000|  0%| F|  |TAMS 0x00000000e4b00000, 0x00000000e4b00000| Untracked 
|  42|0x00000000e4c00000, 0x00000000e4c00000, 0x00000000e4d00000|  0%| F|  |TAMS 0x00000000e4c00000, 0x00000000e4c00000| Untracked 
|  43|0x00000000e4d00000, 0x00000000e4d00000, 0x00000000e4e00000|  0%| F|  |TAMS 0x00000000e4d00000, 0x00000000e4d00000| Untracked 
|  44|0x00000000e4e00000, 0x00000000e4e00000, 0x00000000e4f00000|  0%| F|  |TAMS 0x00000000e4e00000, 0x00000000e4e00000| Untracked 
|  45|0x00000000e4f00000, 0x00000000e4f00000, 0x00000000e5000000|  0%| F|  |TAMS 0x00000000e4f00000, 0x00000000e4f00000| Untracked 
|  46|0x00000000e5000000, 0x00000000e5000000, 0x00000000e5100000|  0%| F|  |TAMS 0x00000000e5000000, 0x00000000e5000000| Untracked 
|  47|0x00000000e5100000, 0x00000000e5100000, 0x00000000e5200000|  0%| F|  |TAMS 0x00000000e5100000, 0x00000000e5100000| Untracked 
|  48|0x00000000e5200000, 0x00000000e5200000, 0x00000000e5300000|  0%| F|  |TAMS 0x00000000e5200000, 0x00000000e5200000| Untracked 
|  49|0x00000000e5300000, 0x00000000e5300000, 0x00000000e5400000|  0%| F|  |TAMS 0x00000000e5300000, 0x00000000e5300000| Untracked 
|  50|0x00000000e5400000, 0x00000000e5400000, 0x00000000e5500000|  0%| F|  |TAMS 0x00000000e5400000, 0x00000000e5400000| Untracked 
|  51|0x00000000e5500000, 0x00000000e5500000, 0x00000000e5600000|  0%| F|  |TAMS 0x00000000e5500000, 0x00000000e5500000| Untracked 
|  52|0x00000000e5600000, 0x00000000e5600000, 0x00000000e5700000|  0%| F|  |TAMS 0x00000000e5600000, 0x00000000e5600000| Untracked 
|  53|0x00000000e5700000, 0x00000000e5700000, 0x00000000e5800000|  0%| F|  |TAMS 0x00000000e5700000, 0x00000000e5700000| Untracked 
|  54|0x00000000e5800000, 0x00000000e5800000, 0x00000000e5900000|  0%| F|  |TAMS 0x00000000e5800000, 0x00000000e5800000| Untracked 
|  55|0x00000000e5900000, 0x00000000e5900000, 0x00000000e5a00000|  0%| F|  |TAMS 0x00000000e5900000, 0x00000000e5900000| Untracked 
|  56|0x00000000e5a00000, 0x00000000e5a00000, 0x00000000e5b00000|  0%| F|  |TAMS 0x00000000e5a00000, 0x00000000e5a00000| Untracked 
|  57|0x00000000e5b00000, 0x00000000e5b00000, 0x00000000e5c00000|  0%| F|  |TAMS 0x00000000e5b00000, 0x00000000e5b00000| Untracked 
|  58|0x00000000e5c00000, 0x00000000e5c00000, 0x00000000e5d00000|  0%| F|  |TAMS 0x00000000e5c00000, 0x00000000e5c00000| Untracked 
|  59|0x00000000e5d00000, 0x00000000e5d00000, 0x00000000e5e00000|  0%| F|  |TAMS 0x00000000e5d00000, 0x00000000e5d00000| Untracked 
|  60|0x00000000e5e00000, 0x00000000e5e00000, 0x00000000e5f00000|  0%| F|  |TAMS 0x00000000e5e00000, 0x00000000e5e00000| Untracked 
|  61|0x00000000e5f00000, 0x00000000e5f00000, 0x00000000e6000000|  0%| F|  |TAMS 0x00000000e5f00000, 0x00000000e5f00000| Untracked 
|  62|0x00000000e6000000, 0x00000000e6000000, 0x00000000e6100000|  0%| F|  |TAMS 0x00000000e6000000, 0x00000000e6000000| Untracked 
|  63|0x00000000e6100000, 0x00000000e6100000, 0x00000000e6200000|  0%| F|  |TAMS 0x00000000e6100000, 0x00000000e6100000| Untracked 
|  64|0x00000000e6200000, 0x00000000e6200000, 0x00000000e6300000|  0%| F|  |TAMS 0x00000000e6200000, 0x00000000e6200000| Untracked 
|  65|0x00000000e6300000, 0x00000000e6300000, 0x00000000e6400000|  0%| F|  |TAMS 0x00000000e6300000, 0x00000000e6300000| Untracked 
|  66|0x00000000e6400000, 0x00000000e6400000, 0x00000000e6500000|  0%| F|  |TAMS 0x00000000e6400000, 0x00000000e6400000| Untracked 
|  67|0x00000000e6500000, 0x00000000e6500000, 0x00000000e6600000|  0%| F|  |TAMS 0x00000000e6500000, 0x00000000e6500000| Untracked 
|  68|0x00000000e6600000, 0x00000000e6600000, 0x00000000e6700000|  0%| F|  |TAMS 0x00000000e6600000, 0x00000000e6600000| Untracked 
|  69|0x00000000e6700000, 0x00000000e6700000, 0x00000000e6800000|  0%| F|  |TAMS 0x00000000e6700000, 0x00000000e6700000| Untracked 
|  70|0x00000000e6800000, 0x00000000e6800000, 0x00000000e6900000|  0%| F|  |TAMS 0x00000000e6800000, 0x00000000e6800000| Untracked 
|  71|0x00000000e6900000, 0x00000000e6900000, 0x00000000e6a00000|  0%| F|  |TAMS 0x00000000e6900000, 0x00000000e6900000| Untracked 
|  72|0x00000000e6a00000, 0x00000000e6a00000, 0x00000000e6b00000|  0%| F|  |TAMS 0x00000000e6a00000, 0x00000000e6a00000| Untracked 
|  73|0x00000000e6b00000, 0x00000000e6b00000, 0x00000000e6c00000|  0%| F|  |TAMS 0x00000000e6b00000, 0x00000000e6b00000| Untracked 

Card table byte_map: [0x00000056f3ff0000,0x00000056f40e0000] _byte_map_base: 0x00000056f38df000

Marking Bits (Prev, Next): (CMBitMap*) 0x00000056e1aa3670, (CMBitMap*) 0x00000056e1aa3630
 Prev Bits: [0x00000056f4950000, 0x00000056f50c8000)
 Next Bits: [0x00000056f41d0000, 0x00000056f4948000)

Polling page: 0x00000056df5d0000

Metaspace:

Usage:
  Non-class:     57.80 MB used.
      Class:      8.77 MB used.
       Both:     66.57 MB used.

Virtual space:
  Non-class space:       64.00 MB reserved,      58.31 MB ( 91%) committed,  8 nodes.
      Class space:        1.00 GB reserved,       9.19 MB ( <1%) committed,  1 nodes.
              Both:        1.06 GB reserved,      67.50 MB (  6%) committed. 

Chunk freelists:
   Non-Class:  1.75 MB
       Class:  2.84 MB
        Both:  4.59 MB

MaxMetaspaceSize: 17179869184.00 GB
CompressedClassSpaceSize: 1.00 GB
 - commit_granule_bytes: 65536.
 - commit_granule_words: 8192.
 - virtual_space_node_default_size: 1048576.
 - enlarge_chunks_in_place: 1.
 - new_chunks_are_fully_committed: 0.
 - uncommit_free_chunks: 1.
 - use_allocation_guard: 0.
 - handle_deallocations: 1.


Internal statistics:

num_allocs_failed_limit: 11.
num_arena_births: 1382.
num_arena_deaths: 212.
num_vsnodes_births: 9.
num_vsnodes_deaths: 0.
num_space_committed: 1080.
num_space_uncommitted: 0.
num_chunks_returned_to_freelist: 280.
num_chunks_taken_from_freelist: 4015.
num_chunk_merges: 69.
num_chunk_splits: 2458.
num_chunks_enlarged: 1540.
num_purges: 30.

CodeHeap 'non-profiled nmethods': size=238912Kb used=17163Kb max_used=17163Kb free=221748Kb
 bounds [0x00000056e56a0000, 0x00000056e6770000, 0x00000056f3ff0000]
CodeHeap 'non-nmethods': size=6848Kb used=1287Kb max_used=1287Kb free=5560Kb
 bounds [0x00000056e4ff0000, 0x00000056e5260000, 0x00000056e56a0000]
 total_blobs=10876 nmethods=10269 adapters=534
 compilation: enabled
              stopped_count=0, restarted_count=0
 full_count=0

Compilation events (20 events):
Event: 674.499 Thread 0x00000056f7badf70 10288       1       org.springframework.cglib.proxy.CallbackInfo::getGenerator (65 bytes)
Event: 674.501 Thread 0x00000056f7badf70 nmethod 10288 0x00000056e675f210 code [0x00000056e675f420, 0x00000056e675f8d8]
Event: 674.548 Thread 0x00000056f7badf70 10289       1       org.springframework.boot.util.Instantiator$1::add (18 bytes)
Event: 674.550 Thread 0x00000056f7badf70 nmethod 10289 0x00000056e675fc10 code [0x00000056e675fdc0, 0x00000056e675ff78]
Event: 674.550 Thread 0x00000056f7badf70 10290       1       org.springframework.boot.util.Instantiator$1$$Lambda$182/0x000000010020e468::<init> (10 bytes)
Event: 674.550 Thread 0x00000056f7badf70 nmethod 10290 0x00000056e6760090 code [0x00000056e6760220, 0x00000056e6760338]
Event: 674.573 Thread 0x00000056f7badf70 10291       1       org.springframework.beans.TypeConverterSupport::convertIfNecessary (26 bytes)
Event: 674.574 Thread 0x00000056f7badf70 nmethod 10291 0x00000056e6760390 code [0x00000056e6760540, 0x00000056e67606e8]
Event: 674.574 Thread 0x00000056f7badf70 10292       1       org.springframework.core.convert.TypeDescriptor::<init> (59 bytes)
Event: 674.577 Thread 0x00000056f7badf70 nmethod 10292 0x00000056e6760810 code [0x00000056e6760a20, 0x00000056e6760f18]
Event: 674.598 Thread 0x00000056f7badf70 10293       1       org.springframework.beans.MutablePropertyValues::<init> (91 bytes)
Event: 674.599 Thread 0x00000056f7badf70 nmethod 10293 0x00000056e6761190 code [0x00000056e6761380, 0x00000056e6761868]
Event: 674.614 Thread 0x00000056f7badf70 10294       1       java.util.Set::copyOf (27 bytes)
Event: 674.616 Thread 0x00000056f7badf70 nmethod 10294 0x00000056e6761b10 code [0x00000056e6761ce0, 0x00000056e6761fa8]
Event: 674.688 Thread 0x00000056f7badf70 10295       1       org.springframework.context.support.ApplicationListenerDetector::equals (32 bytes)
Event: 674.689 Thread 0x00000056f7badf70 nmethod 10295 0x00000056e6762110 code [0x00000056e67622a0, 0x00000056e6762418]
Event: 674.724 Thread 0x00000056f7badf70 10296       1       org.springframework.core.io.DefaultResourceLoader::<init> (29 bytes)
Event: 674.725 Thread 0x00000056f7badf70 nmethod 10296 0x00000056e6762510 code [0x00000056e6762700, 0x00000056e6762a98]
Event: 674.775 Thread 0x00000056f7badf70 10297       1       org.springframework.core.ResolvableType::resolveGeneric (9 bytes)
Event: 674.776 Thread 0x00000056f7badf70 nmethod 10297 0x00000056e6762c10 code [0x00000056e6762dc0, 0x00000056e6762ea8]

GC Heap History (20 events):
Event: 583.320 GC heap after
{Heap after GC invocations=67 (full 12):
 garbage-first heap   total 75776K, used 25004K [0x00000000e2200000, 0x0000000100000000)
  region size 1024K, 3 young (3072K), 3 survivors (3072K)
 Metaspace       used 66788K, committed 67712K, reserved 1114112K
  class space    used 8823K, committed 9216K, reserved 1048576K
}
Event: 609.435 GC heap before
{Heap before GC invocations=67 (full 12):
 garbage-first heap   total 75776K, used 59820K [0x00000000e2200000, 0x0000000100000000)
  region size 1024K, 37 young (37888K), 3 survivors (3072K)
 Metaspace       used 67036K, committed 67840K, reserved 1114112K
  class space    used 8843K, committed 9216K, reserved 1048576K
}
Event: 609.559 GC heap after
{Heap after GC invocations=68 (full 12):
 garbage-first heap   total 75776K, used 26497K [0x00000000e2200000, 0x0000000100000000)
  region size 1024K, 4 young (4096K), 4 survivors (4096K)
 Metaspace       used 67036K, committed 67840K, reserved 1114112K
  class space    used 8843K, committed 9216K, reserved 1048576K
}
Event: 609.566 GC heap before
{Heap before GC invocations=68 (full 12):
 garbage-first heap   total 75776K, used 26497K [0x00000000e2200000, 0x0000000100000000)
  region size 1024K, 5 young (5120K), 4 survivors (4096K)
 Metaspace       used 67036K, committed 67840K, reserved 1114112K
  class space    used 8843K, committed 9216K, reserved 1048576K
}
Event: 609.849 GC heap after
{Heap after GC invocations=69 (full 13):
 garbage-first heap   total 75776K, used 22677K [0x00000000e2200000, 0x0000000100000000)
  region size 1024K, 0 young (0K), 0 survivors (0K)
 Metaspace       used 67027K, committed 67840K, reserved 1114112K
  class space    used 8841K, committed 9216K, reserved 1048576K
}
Event: 611.961 GC heap before
{Heap before GC invocations=69 (full 13):
 garbage-first heap   total 75776K, used 57493K [0x00000000e2200000, 0x0000000100000000)
  region size 1024K, 35 young (35840K), 0 survivors (0K)
 Metaspace       used 67094K, committed 67904K, reserved 1114112K
  class space    used 8849K, committed 9216K, reserved 1048576K
}
Event: 611.976 GC heap after
{Heap after GC invocations=70 (full 13):
 garbage-first heap   total 75776K, used 25342K [0x00000000e2200000, 0x0000000100000000)
  region size 1024K, 3 young (3072K), 3 survivors (3072K)
 Metaspace       used 67094K, committed 67904K, reserved 1114112K
  class space    used 8849K, committed 9216K, reserved 1048576K
}
Event: 612.175 GC heap before
{Heap before GC invocations=70 (full 13):
 garbage-first heap   total 75776K, used 58110K [0x00000000e2200000, 0x0000000100000000)
  region size 1024K, 36 young (36864K), 3 survivors (3072K)
 Metaspace       used 67094K, committed 67904K, reserved 1114112K
  class space    used 8849K, committed 9216K, reserved 1048576K
}
Event: 612.185 GC heap after
{Heap after GC invocations=71 (full 13):
 garbage-first heap   total 75776K, used 25358K [0x00000000e2200000, 0x0000000100000000)
  region size 1024K, 3 young (3072K), 3 survivors (3072K)
 Metaspace       used 67094K, committed 67904K, reserved 1114112K
  class space    used 8849K, committed 9216K, reserved 1048576K
}
Event: 656.778 GC heap before
{Heap before GC invocations=71 (full 13):
 garbage-first heap   total 75776K, used 60174K [0x00000000e2200000, 0x0000000100000000)
  region size 1024K, 37 young (37888K), 3 survivors (3072K)
 Metaspace       used 67338K, committed 68096K, reserved 1114112K
  class space    used 8867K, committed 9216K, reserved 1048576K
}
Event: 656.891 GC heap after
{Heap after GC invocations=72 (full 13):
 garbage-first heap   total 75776K, used 27255K [0x00000000e2200000, 0x0000000100000000)
  region size 1024K, 5 young (5120K), 5 survivors (5120K)
 Metaspace       used 67338K, committed 68096K, reserved 1114112K
  class space    used 8867K, committed 9216K, reserved 1048576K
}
Event: 657.421 GC heap before
{Heap before GC invocations=72 (full 13):
 garbage-first heap   total 75776K, used 28279K [0x00000000e2200000, 0x0000000100000000)
  region size 1024K, 7 young (7168K), 5 survivors (5120K)
 Metaspace       used 67340K, committed 68096K, reserved 1114112K
  class space    used 8868K, committed 9216K, reserved 1048576K
}
Event: 658.050 GC heap after
{Heap after GC invocations=73 (full 14):
 garbage-first heap   total 75776K, used 22599K [0x00000000e2200000, 0x0000000100000000)
  region size 1024K, 0 young (0K), 0 survivors (0K)
 Metaspace       used 67331K, committed 68096K, reserved 1114112K
  class space    used 8866K, committed 9216K, reserved 1048576K
}
Event: 661.080 GC heap before
{Heap before GC invocations=73 (full 14):
 garbage-first heap   total 75776K, used 58439K [0x00000000e2200000, 0x0000000100000000)
  region size 1024K, 36 young (36864K), 0 survivors (0K)
 Metaspace       used 67461K, committed 68224K, reserved 1114112K
  class space    used 8886K, committed 9216K, reserved 1048576K
}
Event: 661.096 GC heap after
{Heap after GC invocations=74 (full 14):
 garbage-first heap   total 75776K, used 25145K [0x00000000e2200000, 0x0000000100000000)
  region size 1024K, 3 young (3072K), 3 survivors (3072K)
 Metaspace       used 67461K, committed 68224K, reserved 1114112K
  class space    used 8886K, committed 9216K, reserved 1048576K
}
Event: 661.780 GC heap before
{Heap before GC invocations=74 (full 14):
 garbage-first heap   total 75776K, used 58937K [0x00000000e2200000, 0x0000000100000000)
  region size 1024K, 37 young (37888K), 3 survivors (3072K)
 Metaspace       used 67465K, committed 68224K, reserved 1114112K
  class space    used 8886K, committed 9216K, reserved 1048576K
}
Event: 661.792 GC heap after
{Heap after GC invocations=75 (full 14):
 garbage-first heap   total 75776K, used 25169K [0x00000000e2200000, 0x0000000100000000)
  region size 1024K, 3 young (3072K), 3 survivors (3072K)
 Metaspace       used 67465K, committed 68224K, reserved 1114112K
  class space    used 8886K, committed 9216K, reserved 1048576K
}
Event: 671.515 GC heap before
{Heap before GC invocations=75 (full 14):
 garbage-first heap   total 75776K, used 57937K [0x00000000e2200000, 0x0000000100000000)
  region size 1024K, 36 young (36864K), 3 survivors (3072K)
 Metaspace       used 67709K, committed 68544K, reserved 1114112K
  class space    used 8904K, committed 9280K, reserved 1048576K
}
Event: 671.882 GC heap after
{Heap after GC invocations=76 (full 15):
 garbage-first heap   total 75776K, used 22901K [0x00000000e2200000, 0x0000000100000000)
  region size 1024K, 0 young (0K), 0 survivors (0K)
 Metaspace       used 67700K, committed 68544K, reserved 1114112K
  class space    used 8902K, committed 9280K, reserved 1048576K
}
Event: 674.926 GC heap before
{Heap before GC invocations=76 (full 15):
 garbage-first heap   total 75776K, used 58741K [0x00000000e2200000, 0x0000000100000000)
  region size 1024K, 36 young (36864K), 0 survivors (0K)
 Metaspace       used 68164K, committed 69120K, reserved 1114112K
  class space    used 8982K, committed 9408K, reserved 1048576K
}

Deoptimization events (4 events):
Event: 14.303 Thread 0x00000056f9c29630 DEOPT PACKING pc=0x00000056e599253c sp=0x00000056fb93cbd0
Event: 14.304 Thread 0x00000056f9c29630 DEOPT UNPACKING pc=0x00000056e503deaf sp=0x00000056fb93c128 mode 0
Event: 30.939 Thread 0x00000056f9c29630 DEOPT PACKING pc=0x00000056e596f4fa sp=0x00000056fb93d240
Event: 30.939 Thread 0x00000056f9c29630 DEOPT UNPACKING pc=0x00000056e503deaf sp=0x00000056fb93c748 mode 3

Classes unloaded (20 events):
Event: 576.141 Thread 0x00000056f7b01f20 Unloading class 0x00000001000c7400 'java/lang/invoke/LambdaForm$MH+0x00000001000c7400'
Event: 576.141 Thread 0x00000056f7b01f20 Unloading class 0x00000001000c7000 'java/lang/invoke/LambdaForm$MH+0x00000001000c7000'
Event: 576.141 Thread 0x00000056f7b01f20 Unloading class 0x00000001000c6c00 'java/lang/invoke/LambdaForm$MH+0x00000001000c6c00'
Event: 576.141 Thread 0x00000056f7b01f20 Unloading class 0x00000001000c6800 'java/lang/invoke/LambdaForm$MH+0x00000001000c6800'
Event: 576.141 Thread 0x00000056f7b01f20 Unloading class 0x00000001000c5800 'java/lang/invoke/LambdaForm$MH+0x00000001000c5800'
Event: 576.141 Thread 0x00000056f7b01f20 Unloading class 0x00000001000c5400 'java/lang/invoke/LambdaForm$MH+0x00000001000c5400'
Event: 576.141 Thread 0x00000056f7b01f20 Unloading class 0x00000001000c4c00 'java/lang/invoke/LambdaForm$MH+0x00000001000c4c00'
Event: 576.141 Thread 0x00000056f7b01f20 Unloading class 0x00000001000c4000 'java/lang/invoke/LambdaForm$MH+0x00000001000c4000'
Event: 576.141 Thread 0x00000056f7b01f20 Unloading class 0x00000001000c3800 'java/lang/invoke/LambdaForm$MH+0x00000001000c3800'
Event: 576.141 Thread 0x00000056f7b01f20 Unloading class 0x00000001000c3000 'java/lang/invoke/LambdaForm$MH+0x00000001000c3000'
Event: 576.141 Thread 0x00000056f7b01f20 Unloading class 0x00000001000c2800 'java/lang/invoke/LambdaForm$MH+0x00000001000c2800'
Event: 609.636 Thread 0x00000056f7b01f20 Unloading class 0x0000000100774000 'jdk/internal/reflect/GeneratedSerializationConstructorAccessor45'
Event: 609.637 Thread 0x00000056f7b01f20 Unloading class 0x0000000100851000 'jdk/internal/reflect/GeneratedSerializationConstructorAccessor44'
Event: 609.637 Thread 0x00000056f7b01f20 Unloading class 0x00000001008f8800 'org/apache/catalina/loader/JdbcLeakPrevention'
Event: 657.544 Thread 0x00000056f7b01f20 Unloading class 0x00000001003e4400 'jdk/internal/reflect/GeneratedSerializationConstructorAccessor47'
Event: 657.544 Thread 0x00000056f7b01f20 Unloading class 0x000000010040c800 'jdk/internal/reflect/GeneratedSerializationConstructorAccessor46'
Event: 657.545 Thread 0x00000056f7b01f20 Unloading class 0x0000000100329000 'org/apache/catalina/loader/JdbcLeakPrevention'
Event: 671.595 Thread 0x00000056f7b01f20 Unloading class 0x00000001008f9800 'jdk/internal/reflect/GeneratedSerializationConstructorAccessor49'
Event: 671.595 Thread 0x00000056f7b01f20 Unloading class 0x00000001008f9400 'jdk/internal/reflect/GeneratedSerializationConstructorAccessor48'
Event: 671.595 Thread 0x00000056f7b01f20 Unloading class 0x0000000100329800 'org/apache/catalina/loader/JdbcLeakPrevention'

Classes redefined (0 events):
No events

Internal exceptions (20 events):
Event: 660.550 Thread 0x0000005680317030 Exception <a 'java/lang/NoClassDefFoundError'{0x00000000e551c310}: org/flywaydb/core/Flyway> (0x00000000e551c310) 
thrown [t:\workspace\open\src\hotspot\share\oops\constantPool.cpp, line 809]
Event: 660.553 Thread 0x0000005680317030 Exception <a 'java/lang/NoClassDefFoundError'{0x00000000e5524398}: liquibase/integration/spring/SpringLiquibase> (0x00000000e5524398) 
thrown [t:\workspace\open\src\hotspot\share\oops\constantPool.cpp, line 809]
Event: 660.598 Thread 0x0000005680317030 Exception <a 'java/lang/NoClassDefFoundError'{0x00000000e55835f0}: org/jooq/DSLContext> (0x00000000e55835f0) 
thrown [t:\workspace\open\src\hotspot\share\oops\constantPool.cpp, line 809]
Event: 660.599 Thread 0x0000005680317030 Exception <a 'java/lang/NoClassDefFoundError'{0x00000000e55847c8}: org/springframework/batch/core/repository/JobRepository> (0x00000000e55847c8) 
thrown [t:\workspace\open\src\hotspot\share\oops\constantPool.cpp, line 809]
Event: 660.599 Thread 0x0000005680317030 Exception <a 'java/lang/NoClassDefFoundError'{0x00000000e5584b00}: org/quartz/Scheduler> (0x00000000e5584b00) 
thrown [t:\workspace\open\src\hotspot\share\oops\constantPool.cpp, line 809]
Event: 660.599 Thread 0x0000005680317030 Exception <a 'java/lang/NoClassDefFoundError'{0x00000000e5584e38}: org/springframework/session/jdbc/JdbcIndexedSessionRepository> (0x00000000e5584e38) 
thrown [t:\workspace\open\src\hotspot\share\oops\constantPool.cpp, line 809]
Event: 661.515 Thread 0x0000005680317030 Exception <a 'java/io/FileNotFoundException'{0x00000000e4ef90b0}> (0x00000000e4ef90b0) 
thrown [t:\workspace\open\src\hotspot\share\prims\jni.cpp, line 579]
Event: 661.839 Thread 0x0000005680317030 Exception <a 'java/io/FileNotFoundException'{0x00000000e6a3bd08}> (0x00000000e6a3bd08) 
thrown [t:\workspace\open\src\hotspot\share\prims\jni.cpp, line 579]
Event: 662.521 Thread 0x0000005680317030 Exception <a 'java/lang/ClassNotFoundException'{0x00000000e6276d78}: java/lang/ObjectCustomizer> (0x00000000e6276d78) 
thrown [t:\workspace\open\src\hotspot\share\classfile\systemDictionary.cpp, line 256]
Event: 662.528 Thread 0x0000005680317030 Exception <a 'java/lang/ClassNotFoundException'{0x00000000e6281980}: br/edu/ifms/ordemservico/entities/OrdemDeServicoCustomizer> (0x00000000e6281980) 
thrown [t:\workspace\open\src\hotspot\share\classfile\systemDictionary.cpp, line 256]
Event: 662.563 Thread 0x0000005680317030 Exception <a 'java/lang/ClassNotFoundException'{0x00000000e62f3518}: java/lang/ObjectCustomizer> (0x00000000e62f3518) 
thrown [t:\workspace\open\src\hotspot\share\classfile\systemDictionary.cpp, line 256]
Event: 662.569 Thread 0x0000005680317030 Exception <a 'java/lang/ClassNotFoundException'{0x00000000e62fcfd8}: br/edu/ifms/ordemservico/entities/ServidorCustomizer> (0x00000000e62fcfd8) 
thrown [t:\workspace\open\src\hotspot\share\classfile\systemDictionary.cpp, line 256]
Event: 671.269 Thread 0x0000005680317ad0 Exception <a 'java/lang/InterruptedException'{0x00000000e4b00040}: sleep interrupted> (0x00000000e4b00040) 
thrown [t:\workspace\open\src\hotspot\share\prims\jvm.cpp, line 3305]
Event: 672.040 Thread 0x00000056803145b0 Exception <a 'java/io/FileNotFoundException'{0x00000000e6bba608}> (0x00000000e6bba608) 
thrown [t:\workspace\open\src\hotspot\share\prims\jni.cpp, line 579]
Event: 674.540 Thread 0x00000056803145b0 Exception <a 'java/lang/NoClassDefFoundError'{0x00000000e557b748}: org/flywaydb/core/Flyway> (0x00000000e557b748) 
thrown [t:\workspace\open\src\hotspot\share\oops\constantPool.cpp, line 809]
Event: 674.543 Thread 0x00000056803145b0 Exception <a 'java/lang/NoClassDefFoundError'{0x00000000e55837d0}: liquibase/integration/spring/SpringLiquibase> (0x00000000e55837d0) 
thrown [t:\workspace\open\src\hotspot\share\oops\constantPool.cpp, line 809]
Event: 674.585 Thread 0x00000056803145b0 Exception <a 'java/lang/NoClassDefFoundError'{0x00000000e55fb0d0}: org/jooq/DSLContext> (0x00000000e55fb0d0) 
thrown [t:\workspace\open\src\hotspot\share\oops\constantPool.cpp, line 809]
Event: 674.586 Thread 0x00000056803145b0 Exception <a 'java/lang/NoClassDefFoundError'{0x00000000e55fc2a8}: org/springframework/batch/core/repository/JobRepository> (0x00000000e55fc2a8) 
thrown [t:\workspace\open\src\hotspot\share\oops\constantPool.cpp, line 809]
Event: 674.586 Thread 0x00000056803145b0 Exception <a 'java/lang/NoClassDefFoundError'{0x00000000e55fc5e0}: org/quartz/Scheduler> (0x00000000e55fc5e0) 
thrown [t:\workspace\open\src\hotspot\share\oops\constantPool.cpp, line 809]
Event: 674.586 Thread 0x00000056803145b0 Exception <a 'java/lang/NoClassDefFoundError'{0x00000000e55fc918}: org/springframework/session/jdbc/JdbcIndexedSessionRepository> (0x00000000e55fc918) 
thrown [t:\workspace\open\src\hotspot\share\oops\constantPool.cpp, line 809]

Events (20 events):
Event: 671.269 Thread 0x0000005680317ad0 Thread exited: 0x0000005680317ad0
Event: 671.271 Thread 0x0000005680318ac0 Thread exited: 0x0000005680318ac0
Event: 671.271 Thread 0x0000005680316040 Thread exited: 0x0000005680316040
Event: 671.501 Thread 0x0000005680318ac0 Thread added: 0x0000005680318ac0
Event: 671.502 Thread 0x0000005680319010 Thread exited: 0x0000005680319010
Event: 671.505 Thread 0x0000005680318ac0 Thread exited: 0x0000005680318ac0
Event: 671.512 Executing  VM operation: G1CollectFull
Event: 671.882 Executing  VM operation: G1CollectFull done
Event: 671.883 Thread 0x0000005680316590 Thread added: 0x0000005680316590
Event: 671.885 Thread 0x00000056803145b0 Thread added: 0x00000056803145b0
Event: 671.886 Thread 0x0000005680316590 Thread exited: 0x0000005680316590
Event: 672.158 Executing  VM operation: ICBufferFull
Event: 672.158 Executing  VM operation: ICBufferFull done
Event: 672.421 Executing  VM operation: ICBufferFull
Event: 672.421 Executing  VM operation: ICBufferFull done
Event: 672.656 Thread 0x0000005680317580 Thread added: 0x0000005680317580
Event: 672.845 Thread 0x0000005680317580 Thread exited: 0x0000005680317580
Event: 674.422 Executing  VM operation: Cleanup
Event: 674.422 Executing  VM operation: Cleanup done
Event: 674.925 Executing  VM operation: G1CollectForAllocation


Dynamic libraries:
0x00007ff7c18d0000 - 0x00007ff7c18de000 	D:\sts-4.11.1.RELEASE\plugins\org.eclipse.justj.openjdk.hotspot.jre.full.win32.x86_64_16.0.2.v20210721-1149\jre\bin\javaw.exe
0x00007ffb3deb0000 - 0x00007ffb3e072000 	C:\Windows\SYSTEM32\ntdll.dll
0x00007ffb3b680000 - 0x00007ffb3b72d000 	C:\Windows\system32\KERNEL32.DLL
0x00007ffb24a40000 - 0x00007ffb24a53000 	C:\Program Files\Avast Software\Avast\aswhook.dll
0x00007ffb3b390000 - 0x00007ffb3b56d000 	C:\Windows\system32\KERNELBASE.dll
0x00007ffb2a970000 - 0x00007ffb2a989000 	D:\sts-4.11.1.RELEASE\plugins\org.eclipse.justj.openjdk.hotspot.jre.full.win32.x86_64_16.0.2.v20210721-1149\jre\bin\VCRUNTIME140.dll
0x00007ffb2a990000 - 0x00007ffb2a9a8000 	D:\sts-4.11.1.RELEASE\plugins\org.eclipse.justj.openjdk.hotspot.jre.full.win32.x86_64_16.0.2.v20210721-1149\jre\bin\jli.dll
0x00007ffb33670000 - 0x00007ffb33762000 	C:\Windows\SYSTEM32\ucrtbase.dll
0x00007ffb3bd20000 - 0x00007ffb3be6e000 	C:\Windows\system32\USER32.dll
0x00007ffb3c710000 - 0x00007ffb3c894000 	C:\Windows\system32\GDI32.dll
0x00007ffb26970000 - 0x00007ffb26be4000 	C:\Windows\WinSxS\amd64_microsoft.windows.common-controls_6595b64144ccf1df_6.0.10240.17184_none_f41d7a705752bce6\COMCTL32.dll
0x00007ffb3c8e0000 - 0x00007ffb3c97d000 	C:\Windows\system32\msvcrt.dll
0x00007ffb3c8a0000 - 0x00007ffb3c8d6000 	C:\Windows\system32\IMM32.DLL
0x00007ffb3b790000 - 0x00007ffb3b8ec000 	C:\Windows\system32\MSCTF.dll
0x00007ffb32dd0000 - 0x00007ffb32ddc000 	D:\sts-4.11.1.RELEASE\plugins\org.eclipse.justj.openjdk.hotspot.jre.full.win32.x86_64_16.0.2.v20210721-1149\jre\bin\vcruntime140_1.dll
0x00007ffb15040000 - 0x00007ffb150d1000 	D:\sts-4.11.1.RELEASE\plugins\org.eclipse.justj.openjdk.hotspot.jre.full.win32.x86_64_16.0.2.v20210721-1149\jre\bin\msvcp140.dll
0x00007ffb065f0000 - 0x00007ffb0719b000 	D:\sts-4.11.1.RELEASE\plugins\org.eclipse.justj.openjdk.hotspot.jre.full.win32.x86_64_16.0.2.v20210721-1149\jre\bin\server\jvm.dll
0x00007ffb3b570000 - 0x00007ffb3b616000 	C:\Windows\system32\ADVAPI32.dll
0x00007ffb3c5d0000 - 0x00007ffb3c62b000 	C:\Windows\system32\sechost.dll
0x00007ffb3c160000 - 0x00007ffb3c286000 	C:\Windows\system32\RPCRT4.dll
0x00007ffb3c4c0000 - 0x00007ffb3c4c8000 	C:\Windows\system32\PSAPI.DLL
0x00007ffb35680000 - 0x00007ffb35689000 	C:\Windows\SYSTEM32\WSOCK32.dll
0x00007ffb3c3e0000 - 0x00007ffb3c449000 	C:\Windows\system32\WS2_32.dll
0x00007ffb3c450000 - 0x00007ffb3c458000 	C:\Windows\system32\NSI.dll
0x00007ffb38b60000 - 0x00007ffb38b83000 	C:\Windows\SYSTEM32\WINMM.dll
0x00007ffb35980000 - 0x00007ffb3598a000 	C:\Windows\SYSTEM32\VERSION.dll
0x00007ffb38b00000 - 0x00007ffb38b2c000 	C:\Windows\SYSTEM32\WINMMBASE.dll
0x00007ffb3b280000 - 0x00007ffb3b2c4000 	C:\Windows\system32\cfgmgr32.dll
0x00007ffb391b0000 - 0x00007ffb391d7000 	C:\Windows\SYSTEM32\DEVOBJ.dll
0x00007ffb3a960000 - 0x00007ffb3a96f000 	C:\Windows\system32\kernel.appcore.dll
0x00007ffb36410000 - 0x00007ffb3641a000 	D:\sts-4.11.1.RELEASE\plugins\org.eclipse.justj.openjdk.hotspot.jre.full.win32.x86_64_16.0.2.v20210721-1149\jre\bin\jimage.dll
0x00007ffb354d0000 - 0x00007ffb3565a000 	C:\Windows\SYSTEM32\DBGHELP.DLL
0x00007ffb352f0000 - 0x00007ffb35315000 	C:\Windows\SYSTEM32\dbgcore.DLL
0x00007ffb2c9a0000 - 0x00007ffb2c9c5000 	D:\sts-4.11.1.RELEASE\plugins\org.eclipse.justj.openjdk.hotspot.jre.full.win32.x86_64_16.0.2.v20210721-1149\jre\bin\java.dll
0x00007ffb35ed0000 - 0x00007ffb35ee8000 	D:\sts-4.11.1.RELEASE\plugins\org.eclipse.justj.openjdk.hotspot.jre.full.win32.x86_64_16.0.2.v20210721-1149\jre\bin\zip.dll
0x00007ffb3c980000 - 0x00007ffb3dea3000 	C:\Windows\system32\SHELL32.dll
0x00007ffb3abf0000 - 0x00007ffb3b219000 	C:\Windows\system32\windows.storage.dll
0x00007ffb3baa0000 - 0x00007ffb3bd1c000 	C:\Windows\system32\combase.dll
0x00007ffb3c460000 - 0x00007ffb3c4b1000 	C:\Windows\system32\shlwapi.dll
0x00007ffb3b2d0000 - 0x00007ffb3b383000 	C:\Windows\system32\shcore.dll
0x00007ffb3a8d0000 - 0x00007ffb3a91a000 	C:\Windows\system32\powrprof.dll
0x00007ffb3a940000 - 0x00007ffb3a953000 	C:\Windows\system32\profapi.dll
0x00007ffb2dba0000 - 0x00007ffb2dbb9000 	D:\sts-4.11.1.RELEASE\plugins\org.eclipse.justj.openjdk.hotspot.jre.full.win32.x86_64_16.0.2.v20210721-1149\jre\bin\net.dll
0x00007ffb364e0000 - 0x00007ffb365b6000 	C:\Windows\SYSTEM32\WINHTTP.dll
0x00007ffb3a0e0000 - 0x00007ffb3a13d000 	C:\Windows\system32\mswsock.dll
0x00007ffb2da60000 - 0x00007ffb2da73000 	D:\sts-4.11.1.RELEASE\plugins\org.eclipse.justj.openjdk.hotspot.jre.full.win32.x86_64_16.0.2.v20210721-1149\jre\bin\nio.dll
0x00007ffb2c990000 - 0x00007ffb2c999000 	D:\sts-4.11.1.RELEASE\plugins\org.eclipse.justj.openjdk.hotspot.jre.full.win32.x86_64_16.0.2.v20210721-1149\jre\bin\management.dll
0x00007ffb2b090000 - 0x00007ffb2b09b000 	D:\sts-4.11.1.RELEASE\plugins\org.eclipse.justj.openjdk.hotspot.jre.full.win32.x86_64_16.0.2.v20210721-1149\jre\bin\management_ext.dll
0x00007ffb2bb40000 - 0x00007ffb2bb55000 	C:\Windows\system32\napinsp.dll
0x00007ffb2bb20000 - 0x00007ffb2bb3a000 	C:\Windows\system32\pnrpnsp.dll
0x00007ffb36b10000 - 0x00007ffb36b28000 	C:\Windows\system32\NLAapi.dll
0x00007ffb39e80000 - 0x00007ffb39f28000 	C:\Windows\SYSTEM32\DNSAPI.dll
0x00007ffb2bb10000 - 0x00007ffb2bb1d000 	C:\Windows\System32\winrnr.dll
0x00007ffb2baf0000 - 0x00007ffb2bb05000 	C:\Windows\system32\wshbth.dll
0x00000000726a0000 - 0x00000000726c6000 	C:\Program Files\Bonjour\mdnsNSP.dll
0x00007ffb367f0000 - 0x00007ffb36828000 	C:\Windows\SYSTEM32\Iphlpapi.DLL
0x00007ffb36780000 - 0x00007ffb3678b000 	C:\Windows\SYSTEM32\WINNSI.DLL
0x00007ffb2bae0000 - 0x00007ffb2baea000 	C:\Windows\System32\rasadhlp.dll
0x00007ffb346e0000 - 0x00007ffb34748000 	C:\Windows\System32\fwpuclnt.dll
0x00007ffb3a800000 - 0x00007ffb3a828000 	C:\Windows\SYSTEM32\bcrypt.dll
0x00007ffb3a140000 - 0x00007ffb3a157000 	C:\Windows\SYSTEM32\CRYPTSP.dll
0x00007ffb39d90000 - 0x00007ffb39dc3000 	C:\Windows\system32\rsaenh.dll
0x00007ffb39f30000 - 0x00007ffb39f4f000 	C:\Windows\SYSTEM32\USERENV.dll
0x00007ffb3a690000 - 0x00007ffb3a6fb000 	C:\Windows\system32\bcryptprimitives.dll
0x00007ffb3a2b0000 - 0x00007ffb3a2bb000 	C:\Windows\SYSTEM32\CRYPTBASE.dll
0x00007ffb349e0000 - 0x00007ffb349f6000 	C:\Windows\SYSTEM32\dhcpcsvc6.DLL
0x00007ffb34b60000 - 0x00007ffb34b7a000 	C:\Windows\SYSTEM32\dhcpcsvc.DLL
0x00007ffb35800000 - 0x00007ffb35810000 	D:\sts-4.11.1.RELEASE\plugins\org.eclipse.justj.openjdk.hotspot.jre.full.win32.x86_64_16.0.2.v20210721-1149\jre\bin\verify.dll
0x00007ffb2d0d0000 - 0x00007ffb2d0de000 	D:\sts-4.11.1.RELEASE\plugins\org.eclipse.justj.openjdk.hotspot.jre.full.win32.x86_64_16.0.2.v20210721-1149\jre\bin\sunmscapi.dll
0x00007ffb3aa20000 - 0x00007ffb3abe1000 	C:\Windows\system32\CRYPT32.dll
0x00007ffb3a920000 - 0x00007ffb3a931000 	C:\Windows\system32\MSASN1.dll
0x00007ffb3a380000 - 0x00007ffb3a3a6000 	C:\Windows\SYSTEM32\ncrypt.dll
0x00007ffb3a340000 - 0x00007ffb3a376000 	C:\Windows\SYSTEM32\NTASN1.dll

dbghelp: loaded successfully - version: 4.0.5 - missing functions: none
symbol engine: initialized successfully - sym options: 0x614 - pdb path: .;D:\sts-4.11.1.RELEASE\plugins\org.eclipse.justj.openjdk.hotspot.jre.full.win32.x86_64_16.0.2.v20210721-1149\jre\bin;C:\Windows\SYSTEM32;C:\Program Files\Avast Software\Avast;C:\Windows\WinSxS\amd64_microsoft.windows.common-controls_6595b64144ccf1df_6.0.10240.17184_none_f41d7a705752bce6;D:\sts-4.11.1.RELEASE\plugins\org.eclipse.justj.openjdk.hotspot.jre.full.win32.x86_64_16.0.2.v20210721-1149\jre\bin\server;C:\Program Files\Bonjour

VM Arguments:
jvm_args: -Dcom.sun.management.jmxremote -Dcom.sun.management.jmxremote.port=52340 -Dcom.sun.management.jmxremote.authenticate=false -Dcom.sun.management.jmxremote.ssl=false -Djava.rmi.server.hostname=localhost -Dspring.jmx.enabled=true -Dspring.application.admin.enabled=true -XX:TieredStopAtLevel=1 -Dspring.boot.project.name=ordemservico-back -Dfile.encoding=UTF-8 -XX:+ShowCodeDetailsInExceptionMessages 
java_command: br.edu.ifms.ordemservico.OrdemservicoBackApplication --spring.output.ansi.enabled=always
java_class_path (initial): D:\ordemservico\ordemservico-back\target\classes;C:\Users\Adriano\.m2\repository\org\springframework\boot\spring-boot-starter-data-jpa\2.5.4\spring-boot-starter-data-jpa-2.5.4.jar;C:\Users\Adriano\.m2\repository\org\springframework\boot\spring-boot-starter-aop\2.5.4\spring-boot-starter-aop-2.5.4.jar;C:\Users\Adriano\.m2\repository\org\springframework\spring-aop\5.3.9\spring-aop-5.3.9.jar;C:\Users\Adriano\.m2\repository\org\aspectj\aspectjweaver\1.9.7\aspectjweaver-1.9.7.jar;C:\Users\Adriano\.m2\repository\org\springframework\boot\spring-boot-starter-jdbc\2.5.4\spring-boot-starter-jdbc-2.5.4.jar;C:\Users\Adriano\.m2\repository\com\zaxxer\HikariCP\4.0.3\HikariCP-4.0.3.jar;C:\Users\Adriano\.m2\repository\org\springframework\spring-jdbc\5.3.9\spring-jdbc-5.3.9.jar;C:\Users\Adriano\.m2\repository\jakarta\transaction\jakarta.transaction-api\1.3.3\jakarta.transaction-api-1.3.3.jar;C:\Users\Adriano\.m2\repository\jakarta\persistence\jakarta.persistence-api\2.2.3\jakarta.persistence-api-2.2.3.jar;C:\Users\Adriano\.m2\repository\org\hibernate\hibernate-core\5.4.32.Final\hibernate-core-5.4.32.Final.jar;C:\Users\Adriano\.m2\repository\org\jboss\logging\jboss-logging\3.4.2.Final\jboss-logging-3.4.2.Final.jar;C:\Users\Adriano\.m2\repository\org\javassist\javassist\3.27.0-GA\javassist-3.27.0-GA.jar;C:\Users\Adriano\.m2\repository\net\bytebuddy\byte-buddy\1.10.22\byte-buddy-1.10.22.jar;C:\Users\Adriano\.m2\repository\antlr\antlr\2.7.7\antlr-2.7.7.jar;C:\Users\Adriano\.m2\repository\org\jboss\jandex\2.2.3.Final\jandex-2.2.3.Final.jar;C:\Users\Adriano\.m2\repository\com\fasterxml\classmate\1.5.1\classmate-1.5.1.jar;C:\Users\Adriano\.m2\repository\org\dom4j\dom4j\2.1.3\dom4j-2.1.3.jar;C:\Users\Adriano\.m2\repository\org\hibernate\common\hibernate-commons-annotations\5.1.2.Final\hibernate-commons-annotations-5.1.2.Final.jar;C:\Users\Adriano\.m2\repository\org\glassfish\jaxb\jaxb-runtime\2.3.5\jaxb-runtime-2.3.5.jar;C:\Users\Adriano\.m2\repository\org\glassf
Launcher Type: SUN_STANDARD

[Global flags]
     intx CICompilerCount                          = 3                                         {product} {ergonomic}
     uint ConcGCThreads                            = 1                                         {product} {ergonomic}
     uint G1ConcRefinementThreads                  = 4                                         {product} {ergonomic}
   size_t G1HeapRegionSize                         = 1048576                                   {product} {ergonomic}
    uintx GCDrainStackTargetSize                   = 64                                        {product} {ergonomic}
   size_t InitialHeapSize                          = 31457280                                  {product} {ergonomic}
     bool ManagementServer                         = true                                      {product} {command line}
   size_t MarkStackSize                            = 4194304                                   {product} {ergonomic}
   size_t MaxHeapSize                              = 501219328                                 {product} {ergonomic}
   size_t MaxNewSize                               = 299892736                                 {product} {ergonomic}
   size_t MinHeapDeltaBytes                        = 1048576                                   {product} {ergonomic}
   size_t MinHeapSize                              = 8388608                                   {product} {ergonomic}
    uintx NonNMethodCodeHeapSize                   = 6973028                                {pd product} {ergonomic}
    uintx NonProfiledCodeHeapSize                  = 244685212                              {pd product} {ergonomic}
    uintx ProfiledCodeHeapSize                     = 0                                      {pd product} {ergonomic}
    uintx ReservedCodeCacheSize                    = 251658240                              {pd product} {ergonomic}
     bool SegmentedCodeCache                       = true                                      {product} {ergonomic}
     bool ShowCodeDetailsInExceptionMessages       = true                                   {manageable} {command line}
   size_t SoftMaxHeapSize                          = 501219328                              {manageable} {ergonomic}
     intx TieredStopAtLevel                        = 1                                         {product} {command line}
     bool UseCompressedClassPointers               = true                           {product lp64_product} {ergonomic}
     bool UseCompressedOops                        = true                           {product lp64_product} {ergonomic}
     bool UseG1GC                                  = true                                      {product} {ergonomic}
     bool UseLargePagesIndividualAllocation        = false                                  {pd product} {ergonomic}

Logging:
Log output configuration:
 #0: stdout all=warning uptime,level,tags
 #1: stderr all=off uptime,level,tags

Environment Variables:
PATH=D:/sts-4.11.1.RELEASE//plugins/org.eclipse.justj.openjdk.hotspot.jre.full.win32.x86_64_16.0.2.v20210721-1149/jre/bin/server;D:/sts-4.11.1.RELEASE//plugins/org.eclipse.justj.openjdk.hotspot.jre.full.win32.x86_64_16.0.2.v20210721-1149/jre/bin;C:\Program Files (x86)\Common Files\Oracle\Java\javapath;C:\Windows\system32;C:\Windows;C:\Windows\System32\Wbem;C:\Windows\System32\WindowsPowerShell\v1.0\;C:\Program Files\nodejs\;C:\Program Files\Git\cmd;C:\Users\Adriano\AppData\Roaming\npm;C:\texlive\2021\bin\win32;D:\sts-4.11.1.RELEASE;
USERNAME=Adriano
OS=Windows_NT
PROCESSOR_IDENTIFIER=Intel64 Family 6 Model 76 Stepping 4, GenuineIntel



---------------  S Y S T E M  ---------------

OS:
 Windows 10 , 64 bit Build 10240 (10.0.10240.17113)
OS uptime: 0 days 6:22 hours

CPU: total 4 (initial active 4) (4 cores per cpu, 1 threads per core) family 6 model 76 stepping 4 microcode 0x410, cx8, cmov, fxsr, mmx, 3dnowpref, sse, sse2, sse3, ssse3, sse4.1, sse4.2, popcnt, tsc, tscinvbit, aes, erms, clmul, clflush

Memory: 4k page, system-wide physical 1908M (38M free)
TotalPageFile size 5061M (AvailPageFile size 72M)
current process WorkingSet (physical memory assigned to process): 184M, peak: 184M
current process commit charge ("private bytes"): 253M, peak: 401M

vm_info: OpenJDK 64-Bit Server VM (16.0.2+7-67) for windows-amd64 JRE (16.0.2+7-67), built on Jun  8 2021 23:21:43 by "mach5one" with MS VC++ 16.7 (VS2019)

END.
