#
# There is insufficient memory for the Java Runtime Environment to continue.
# Native memory allocation (mmap) failed to map 65536 bytes for Failed to commit metaspace.
# Possible reasons:
#   The system is out of physical RAM or swap space
#   The process is running with CompressedOops enabled, and the Java Heap may be blocking the growth of the native heap
# Possible solutions:
#   Reduce memory load on the system
#   Increase physical memory or swap space
#   Check if swap backing store is full
#   Decrease Java heap size (-Xmx/-Xms)
#   Decrease number of Java threads
#   Decrease Java thread stack sizes (-Xss)
#   Set larger code cache with -XX:ReservedCodeCacheSize=
#   JVM is running with Unscaled Compressed Oops mode in which the Java heap is
#     placed in the first 4GB address space. The Java Heap base address is the
#     maximum limit for the native heap growth. Please use -XX:HeapBaseMinAddress
#     to set the Java Heap base and to place the Java Heap above 4GB virtual address.
# This output file may be truncated or incomplete.
#
#  Out of Memory Error (virtualSpaceNode.cpp:108), pid=7008, tid=7488
#
# JRE version: OpenJDK Runtime Environment (16.0.2+7) (build 16.0.2+7-67)
# Java VM: OpenJDK 64-Bit Server VM (16.0.2+7-67, mixed mode, tiered, compressed oops, compressed class ptrs, g1 gc, windows-amd64)
# No core dump will be written. Minidumps are not enabled by default on client versions of Windows
#

---------------  S U M M A R Y ------------

Command Line: -Dcom.sun.management.jmxremote -Dcom.sun.management.jmxremote.port=63315 -Dcom.sun.management.jmxremote.authenticate=false -Dcom.sun.management.jmxremote.ssl=false -Djava.rmi.server.hostname=localhost -Dspring.jmx.enabled=true -Dspring.application.admin.enabled=true -XX:TieredStopAtLevel=1 -Dspring.boot.project.name=ordemservico-back -Dfile.encoding=UTF-8 -XX:+ShowCodeDetailsInExceptionMessages br.edu.ifms.ordemservico.OrdemservicoBackApplication --spring.output.ansi.enabled=always

Host: Intel(R) Atom(TM) x5-Z8350  CPU @ 1.44GHz, 4 cores, 1G,  Windows 10 , 64 bit Build 10240 (10.0.10240.17113)
Time: Sat Sep 18 16:58:37 2021 Hora oficial do Brasil elapsed time: 31.163961 seconds (0d 0h 0m 31s)

---------------  T H R E A D  ---------------

Current thread (0x0000000f02f9ea30):  JavaThread "restartedMain" [_thread_in_vm, id=7488, stack(0x0000000f04d40000,0x0000000f04e40000)]

Stack: [0x0000000f04d40000,0x0000000f04e40000]
Native frames: (J=compiled Java code, j=interpreted, Vv=VM code, C=native code)
V  [jvm.dll+0x6681ca]
V  [jvm.dll+0x7c9e69]
V  [jvm.dll+0x7cb61e]
V  [jvm.dll+0x7cbc73]
V  [jvm.dll+0x242c55]
V  [jvm.dll+0x7c64eb]
V  [jvm.dll+0x60ddd6]
V  [jvm.dll+0x1be6ce]
V  [jvm.dll+0x610531]
V  [jvm.dll+0x60e6d1]
V  [jvm.dll+0x23709f]
V  [jvm.dll+0x618d55]
V  [jvm.dll+0x1e97ef]
V  [jvm.dll+0x1e9d25]
V  [jvm.dll+0x1ea8af]
V  [jvm.dll+0x1df631]
V  [jvm.dll+0x535ff8]
V  [jvm.dll+0x742a71]
V  [jvm.dll+0x40703f]
V  [jvm.dll+0x40d362]
C  [java.dll+0x17c8]

Java frames: (J=compiled Java code, j=interpreted, Vv=VM code)
J 1257  java.lang.ClassLoader.defineClass1(Ljava/lang/ClassLoader;Ljava/lang/String;[BIILjava/security/ProtectionDomain;Ljava/lang/String;)Ljava/lang/Class; java.base@16.0.2 (0 bytes) @ 0x0000000f6ed89a7b [0x0000000f6ed899c0+0x00000000000000bb]
J 1282 c1 java.lang.ClassLoader.defineClass(Ljava/lang/String;[BIILjava/security/ProtectionDomain;)Ljava/lang/Class; java.base@16.0.2 (43 bytes) @ 0x0000000f6ed9835c [0x0000000f6ed98260+0x00000000000000fc]
J 1292 c1 jdk.internal.loader.BuiltinClassLoader.defineClass(Ljava/lang/String;Ljdk/internal/loader/Resource;)Ljava/lang/Class; java.base@16.0.2 (121 bytes) @ 0x0000000f6ed9b63c [0x0000000f6ed9b1a0+0x000000000000049c]
J 1268 c1 jdk.internal.loader.BuiltinClassLoader.findClassOnClassPathOrNull(Ljava/lang/String;)Ljava/lang/Class; java.base@16.0.2 (64 bytes) @ 0x0000000f6ed90cbc [0x0000000f6ed90a20+0x000000000000029c]
J 1048 c1 jdk.internal.loader.BuiltinClassLoader.loadClassOrNull(Ljava/lang/String;Z)Ljava/lang/Class; java.base@16.0.2 (143 bytes) @ 0x0000000f6ed2d56c [0x0000000f6ed2d120+0x000000000000044c]
J 1187 c1 jdk.internal.loader.ClassLoaders$AppClassLoader.loadClass(Ljava/lang/String;Z)Ljava/lang/Class; java.base@16.0.2 (40 bytes) @ 0x0000000f6ed6efc4 [0x0000000f6ed6ee80+0x0000000000000144]
J 1184 c1 java.lang.ClassLoader.loadClass(Ljava/lang/String;)Ljava/lang/Class; java.base@16.0.2 (7 bytes) @ 0x0000000f6ed6d404 [0x0000000f6ed6d3c0+0x0000000000000044]
v  ~StubRoutines::call_stub
j  org.hibernate.loader.plan.exec.internal.BatchingLoadQueryDetailsFactory.makeEntityLoadQueryDetails(Lorg/hibernate/loader/plan/spi/LoadPlan;[Ljava/lang/String;Lorg/hibernate/loader/plan/exec/query/spi/QueryBuildingParameters;Lorg/hibernate/engine/spi/SessionFactoryImplementor;Lorg/hibernate/loader/plan/exec/process/spi/ResultSetProcessorResolver;)Lorg/hibernate/loader/plan/exec/internal/EntityLoadQueryDetails;+39
j  org.hibernate.loader.entity.plan.AbstractLoadPlanBasedEntityLoader.<init>(Lorg/hibernate/persister/entity/OuterJoinLoadable;Lorg/hibernate/engine/spi/SessionFactoryImplementor;[Ljava/lang/String;Lorg/hibernate/type/Type;Lorg/hibernate/loader/plan/exec/query/spi/QueryBuildingParameters;Lorg/hibernate/loader/plan/exec/process/spi/ResultSetProcessorResolver;)V+237
j  org.hibernate.loader.entity.plan.AbstractLoadPlanBasedEntityLoader.<init>(Lorg/hibernate/persister/entity/OuterJoinLoadable;Lorg/hibernate/engine/spi/SessionFactoryImplementor;[Ljava/lang/String;Lorg/hibernate/type/Type;Lorg/hibernate/loader/plan/exec/query/spi/QueryBuildingParameters;)V+11
j  org.hibernate.loader.entity.plan.EntityLoader.<init>(Lorg/hibernate/engine/spi/SessionFactoryImplementor;Lorg/hibernate/persister/entity/OuterJoinLoadable;[Ljava/lang/String;Lorg/hibernate/type/Type;Lorg/hibernate/loader/plan/exec/query/spi/QueryBuildingParameters;)V+8
j  org.hibernate.loader.entity.plan.EntityLoader.<init>(Lorg/hibernate/engine/spi/SessionFactoryImplementor;Lorg/hibernate/persister/entity/OuterJoinLoadable;[Ljava/lang/String;Lorg/hibernate/type/Type;Lorg/hibernate/loader/plan/exec/query/spi/QueryBuildingParameters;Lorg/hibernate/loader/entity/plan/EntityLoader$1;)V+8
j  org.hibernate.loader.entity.plan.EntityLoader$Builder.byUniqueKey([Ljava/lang/String;Lorg/hibernate/type/Type;)Lorg/hibernate/loader/entity/plan/EntityLoader;+50
j  org.hibernate.loader.entity.plan.EntityLoader$Builder.byPrimaryKey()Lorg/hibernate/loader/entity/plan/EntityLoader;+19
j  org.hibernate.loader.entity.plan.AbstractBatchingEntityLoaderBuilder.buildNonBatchingLoader(Lorg/hibernate/persister/entity/OuterJoinLoadable;Lorg/hibernate/LockMode;Lorg/hibernate/engine/spi/SessionFactoryImplementor;Lorg/hibernate/engine/spi/LoadQueryInfluencers;)Lorg/hibernate/loader/entity/UniqueEntityLoader;+13
j  org.hibernate.loader.entity.BatchingEntityLoaderBuilder.buildLoader(Lorg/hibernate/persister/entity/OuterJoinLoadable;ILorg/hibernate/LockMode;Lorg/hibernate/engine/spi/SessionFactoryImplementor;Lorg/hibernate/engine/spi/LoadQueryInfluencers;)Lorg/hibernate/loader/entity/UniqueEntityLoader;+12
j  org.hibernate.persister.entity.AbstractEntityPersister.createEntityLoader(Lorg/hibernate/LockMode;Lorg/hibernate/engine/spi/LoadQueryInfluencers;)Lorg/hibernate/loader/entity/UniqueEntityLoader;+18
j  org.hibernate.persister.entity.AbstractEntityPersister.createEntityLoader(Lorg/hibernate/LockMode;)Lorg/hibernate/loader/entity/UniqueEntityLoader;+5
j  org.hibernate.persister.entity.AbstractEntityPersister.generateDelayedEntityLoader(Lorg/hibernate/LockMode;)Lorg/hibernate/loader/entity/UniqueEntityLoader;+70
j  org.hibernate.persister.entity.AbstractEntityPersister$$Lambda$807+0x000000010076f528.apply(Ljava/lang/Object;)Ljava/lang/Object;+8
j  org.hibernate.internal.util.collections.LazyIndexedMap.lockedComputeIfAbsent(ILjava/lang/Object;Ljava/util/function/Function;)Ljava/lang/Object;+25
j  org.hibernate.internal.util.collections.LazyIndexedMap.computeIfAbsent(ILjava/lang/Object;Ljava/util/function/Function;)Ljava/lang/Object;+23
j  org.hibernate.persister.entity.EntityLoaderLazyCollection.getOrBuildByLockMode(Lorg/hibernate/LockMode;Ljava/util/function/Function;)Lorg/hibernate/loader/entity/UniqueEntityLoader;+7
j  org.hibernate.persister.entity.AbstractEntityPersister.getLoaderByLockMode(Lorg/hibernate/LockMode;)Lorg/hibernate/loader/entity/UniqueEntityLoader;+11
j  org.hibernate.persister.entity.AbstractEntityPersister.createLoaders()V+84
j  org.hibernate.persister.entity.AbstractEntityPersister.postInstantiate()V+5
j  org.hibernate.metamodel.internal.MetamodelImpl.initialize(Lorg/hibernate/boot/spi/MetadataImplementor;Lorg/hibernate/metamodel/internal/JpaMetaModelPopulationSetting;)V+731
j  org.hibernate.internal.SessionFactoryImpl.<init>(Lorg/hibernate/boot/spi/MetadataImplementor;Lorg/hibernate/boot/spi/SessionFactoryOptions;Lorg/hibernate/engine/query/spi/QueryPlanCache$QueryPlanCreator;)V+668
j  org.hibernate.boot.internal.SessionFactoryBuilderImpl.build()Lorg/hibernate/SessionFactory;+64
j  org.hibernate.jpa.boot.internal.EntityManagerFactoryBuilderImpl.build()Ljavax/persistence/EntityManagerFactory;+20
j  org.springframework.orm.jpa.vendor.SpringHibernateJpaPersistenceProvider.createContainerEntityManagerFactory(Ljavax/persistence/spi/PersistenceUnitInfo;Ljava/util/Map;)Ljavax/persistence/EntityManagerFactory;+55
j  org.springframework.orm.jpa.LocalContainerEntityManagerFactoryBean.createNativeEntityManagerFactory()Ljavax/persistence/EntityManagerFactory;+129
j  org.springframework.orm.jpa.AbstractEntityManagerFactoryBean.buildNativeEntityManagerFactory()Ljavax/persistence/EntityManagerFactory;+1
j  org.springframework.orm.jpa.AbstractEntityManagerFactoryBean.afterPropertiesSet()V+192
j  org.springframework.orm.jpa.LocalContainerEntityManagerFactoryBean.afterPropertiesSet()V+77
j  org.springframework.beans.factory.support.AbstractAutowireCapableBeanFactory.invokeInitMethods(Ljava/lang/String;Ljava/lang/Object;Lorg/springframework/beans/factory/support/RootBeanDefinition;)V+106
j  org.springframework.beans.factory.support.AbstractAutowireCapableBeanFactory.initializeBean(Ljava/lang/String;Ljava/lang/Object;Lorg/springframework/beans/factory/support/RootBeanDefinition;)Ljava/lang/Object;+59
j  org.springframework.beans.factory.support.AbstractAutowireCapableBeanFactory.doCreateBean(Ljava/lang/String;Lorg/springframework/beans/factory/support/RootBeanDefinition;[Ljava/lang/Object;)Ljava/lang/Object;+245
j  org.springframework.beans.factory.support.AbstractAutowireCapableBeanFactory.createBean(Ljava/lang/String;Lorg/springframework/beans/factory/support/RootBeanDefinition;[Ljava/lang/Object;)Ljava/lang/Object;+169
j  org.springframework.beans.factory.support.AbstractBeanFactory.lambda$doGetBean$0(Ljava/lang/String;Lorg/springframework/beans/factory/support/RootBeanDefinition;[Ljava/lang/Object;)Ljava/lang/Object;+4
j  org.springframework.beans.factory.support.AbstractBeanFactory$$Lambda$341+0x00000001002c5c28.getObject()Ljava/lang/Object;+16
j  org.springframework.beans.factory.support.DefaultSingletonBeanRegistry.getSingleton(Ljava/lang/String;Lorg/springframework/beans/factory/ObjectFactory;)Ljava/lang/Object;+132
J 3135 c1 org.springframework.beans.factory.support.AbstractBeanFactory.doGetBean(Ljava/lang/String;Ljava/lang/Class;[Ljava/lang/Object;Z)Ljava/lang/Object; (832 bytes) @ 0x0000000f6f083634 [0x0000000f6f0830a0+0x0000000000000594]
j  org.springframework.beans.factory.support.AbstractBeanFactory.getBean(Ljava/lang/String;)Ljava/lang/Object;+5
j  org.springframework.context.support.AbstractApplicationContext.getBean(Ljava/lang/String;)Ljava/lang/Object;+9
j  org.springframework.context.support.AbstractApplicationContext.finishBeanFactoryInitialization(Lorg/springframework/beans/factory/config/ConfigurableListableBeanFactory;)V+100
j  org.springframework.context.support.AbstractApplicationContext.refresh()V+86
j  org.springframework.boot.web.servlet.context.ServletWebServerApplicationContext.refresh()V+1
j  org.springframework.boot.SpringApplication.refresh(Lorg/springframework/context/ConfigurableApplicationContext;)V+1
j  org.springframework.boot.SpringApplication.refreshContext(Lorg/springframework/context/ConfigurableApplicationContext;)V+16
j  org.springframework.boot.SpringApplication.run([Ljava/lang/String;)Lorg/springframework/context/ConfigurableApplicationContext;+111
j  org.springframework.boot.SpringApplication.run([Ljava/lang/Class;[Ljava/lang/String;)Lorg/springframework/context/ConfigurableApplicationContext;+9
j  org.springframework.boot.SpringApplication.run(Ljava/lang/Class;[Ljava/lang/String;)Lorg/springframework/context/ConfigurableApplicationContext;+9
j  br.edu.ifms.ordemservico.OrdemservicoBackApplication.main([Ljava/lang/String;)V+3
v  ~StubRoutines::call_stub
j  jdk.internal.reflect.NativeMethodAccessorImpl.invoke0(Ljava/lang/reflect/Method;Ljava/lang/Object;[Ljava/lang/Object;)Ljava/lang/Object;+0 java.base@16.0.2
j  jdk.internal.reflect.NativeMethodAccessorImpl.invoke(Ljava/lang/Object;[Ljava/lang/Object;)Ljava/lang/Object;+146 java.base@16.0.2
j  jdk.internal.reflect.DelegatingMethodAccessorImpl.invoke(Ljava/lang/Object;[Ljava/lang/Object;)Ljava/lang/Object;+6 java.base@16.0.2
j  java.lang.reflect.Method.invoke(Ljava/lang/Object;[Ljava/lang/Object;)Ljava/lang/Object;+59 java.base@16.0.2
j  org.springframework.boot.devtools.restart.RestartLauncher.run()V+42
v  ~StubRoutines::call_stub

---------------  P R O C E S S  ---------------

Threads class SMR info:
_java_thread_list=0x0000000f0648c1e0, length=24, elements={
0x0000000f6afab920, 0x0000000f7ef43df0, 0x0000000f7efb8560, 0x0000000f7ef7dad0,
0x0000000f7ef7f6b0, 0x0000000f7ef80fd0, 0x0000000f7ef818e0, 0x0000000f7ef821f0,
0x0000000f7f012e00, 0x0000000f7f04e020, 0x0000000f02452840, 0x0000000f02b4bb40,
0x0000000f02b57f50, 0x0000000f02b64a70, 0x0000000f02bc1590, 0x0000000f02bc1ab0,
0x0000000f02bc47f0, 0x0000000f02bc0c90, 0x0000000f02f9e4e0, 0x0000000f02f9ea30,
0x0000000f02f9ef80, 0x0000000f02f9f4d0, 0x0000000f065105b0, 0x0000000f06513580
}

Java Threads: ( => current thread )
  0x0000000f6afab920 JavaThread "main" [_thread_blocked, id=1972, stack(0x0000000f6a680000,0x0000000f6a780000)]
  0x0000000f7ef43df0 JavaThread "Reference Handler" daemon [_thread_blocked, id=7828, stack(0x0000000f7f150000,0x0000000f7f250000)]
  0x0000000f7efb8560 JavaThread "Finalizer" daemon [_thread_blocked, id=2520, stack(0x0000000f7f250000,0x0000000f7f350000)]
  0x0000000f7ef7dad0 JavaThread "Signal Dispatcher" daemon [_thread_blocked, id=1056, stack(0x0000000f7fd00000,0x0000000f7fe00000)]
  0x0000000f7ef7f6b0 JavaThread "Attach Listener" daemon [_thread_blocked, id=580, stack(0x0000000f7fe00000,0x0000000f7ff00000)]
  0x0000000f7ef80fd0 JavaThread "Service Thread" daemon [_thread_blocked, id=8064, stack(0x0000000f7ff00000,0x0000000f80000000)]
  0x0000000f7ef818e0 JavaThread "Monitor Deflation Thread" daemon [_thread_blocked, id=6732, stack(0x0000000f02000000,0x0000000f02100000)]
  0x0000000f7ef821f0 JavaThread "C1 CompilerThread0" daemon [_thread_blocked, id=6000, stack(0x0000000f02100000,0x0000000f02200000)]
  0x0000000f7f012e00 JavaThread "Sweeper thread" daemon [_thread_blocked, id=7436, stack(0x0000000f02200000,0x0000000f02300000)]
  0x0000000f7f04e020 JavaThread "Common-Cleaner" daemon [_thread_blocked, id=7876, stack(0x0000000f02700000,0x0000000f02800000)]
  0x0000000f02452840 JavaThread "Notification Thread" daemon [_thread_blocked, id=4740, stack(0x0000000f02800000,0x0000000f02900000)]
  0x0000000f02b4bb40 JavaThread "RMI TCP Accept-0" daemon [_thread_in_native, id=7432, stack(0x0000000f032a0000,0x0000000f033a0000)]
  0x0000000f02b57f50 JavaThread "RMI TCP Accept-63315" daemon [_thread_in_native, id=7836, stack(0x0000000f03f40000,0x0000000f04040000)]
  0x0000000f02b64a70 JavaThread "RMI TCP Connection(1)-127.0.0.1" daemon [_thread_in_native, id=5300, stack(0x0000000f04040000,0x0000000f04140000)]
  0x0000000f02bc1590 JavaThread "RMI Scheduler(0)" daemon [_thread_blocked, id=4340, stack(0x0000000f04140000,0x0000000f04240000)]
  0x0000000f02bc1ab0 JavaThread "RMI TCP Connection(2)-127.0.0.1" daemon [_thread_in_native, id=5124, stack(0x0000000f04240000,0x0000000f04340000)]
  0x0000000f02bc47f0 JavaThread "RMI TCP Accept-0" daemon [_thread_in_native, id=5444, stack(0x0000000f04340000,0x0000000f04440000)]
  0x0000000f02bc0c90 JavaThread "JMX server connection timeout 21" daemon [_thread_blocked, id=6556, stack(0x0000000f04540000,0x0000000f04640000)]
  0x0000000f02f9e4e0 JavaThread "Thread-0" [_thread_blocked, id=4944, stack(0x0000000f04c40000,0x0000000f04d40000)]
=>0x0000000f02f9ea30 JavaThread "restartedMain" [_thread_in_vm, id=7488, stack(0x0000000f04d40000,0x0000000f04e40000)]
  0x0000000f02f9ef80 JavaThread "HikariPool-1 housekeeper" daemon [_thread_blocked, id=3464, stack(0x0000000f04e40000,0x0000000f04f40000)]
  0x0000000f02f9f4d0 JavaThread "Catalina-utility-1" [_thread_blocked, id=7644, stack(0x0000000f07900000,0x0000000f07a00000)]
  0x0000000f065105b0 JavaThread "Catalina-utility-2" [_thread_blocked, id=2988, stack(0x0000000f07a00000,0x0000000f07b00000)]
  0x0000000f06513580 JavaThread "container-0" [_thread_blocked, id=1992, stack(0x0000000f07b00000,0x0000000f07c00000)]

Other Threads:
  0x0000000f7efa3750 VMThread "VM Thread" [stack: 0x0000000f7f050000,0x0000000f7f150000] [id=2432]
  0x0000000f02bb6460 WatcherThread [stack: 0x0000000f04440000,0x0000000f04540000] [id=900]
  0x0000000f6afd1070 GCTaskThread "GC Thread#0" [stack: 0x0000000f7e510000,0x0000000f7e610000] [id=1788]
  0x0000000f02bf0470 GCTaskThread "GC Thread#1" [stack: 0x0000000f04640000,0x0000000f04740000] [id=1740]
  0x0000000f02c72ef0 GCTaskThread "GC Thread#2" [stack: 0x0000000f04740000,0x0000000f04840000] [id=7444]
  0x0000000f02c73200 GCTaskThread "GC Thread#3" [stack: 0x0000000f04840000,0x0000000f04940000] [id=4172]
  0x0000000f6afd6840 ConcurrentGCThread "G1 Main Marker" [stack: 0x0000000f7e610000,0x0000000f7e710000] [id=6492]
  0x0000000f6afd8250 ConcurrentGCThread "G1 Conc#0" [stack: 0x0000000f7e710000,0x0000000f7e810000] [id=7016]
  0x0000000f6b001870 ConcurrentGCThread "G1 Refine#0" [stack: 0x0000000f7ec50000,0x0000000f7ed50000] [id=2172]
  0x0000000f02bf7390 ConcurrentGCThread "G1 Refine#1" [stack: 0x0000000f04940000,0x0000000f04a40000] [id=6452]
  0x0000000f02c73510 ConcurrentGCThread "G1 Refine#2" [stack: 0x0000000f04a40000,0x0000000f04b40000] [id=7396]
  0x0000000f6b002e40 ConcurrentGCThread "G1 Service" [stack: 0x0000000f7ed50000,0x0000000f7ee50000] [id=6152]

Threads with active compile tasks:

VM state: not at safepoint (normal execution)

VM Mutex/Monitor currently owned by a thread:  ([mutex/lock_event])
[0x0000000f6afa7d20] MetaspaceExpand_lock - owner thread: 0x0000000f02f9ea30

Heap address: 0x00000000e2200000, size: 478 MB, Compressed Oops mode: 32-bit

CDS disabled.
Compressed class space mapped at: 0x0000000100000000-0x0000000140000000, reserved size: 1073741824
Narrow klass base: 0x0000000000000000, Narrow klass shift: 3, Narrow klass range: 0x140000000

GC Precious Log:
 CPUs: 4 total, 4 available
 Memory: 1908M
 Large Page Support: Disabled
 NUMA Support: Disabled
 Compressed Oops: Enabled (32-bit)
 Heap Region Size: 1M
 Heap Min Capacity: 8M
 Heap Initial Capacity: 30M
 Heap Max Capacity: 478M
 Pre-touch: Disabled
 Parallel Workers: 4
 Concurrent Workers: 1
 Concurrent Refinement Workers: 4
 Periodic GC: Disabled

Heap:
 garbage-first heap   total 89088K, used 29067K [0x00000000e2200000, 0x0000000100000000)
  region size 1024K, 13 young (13312K), 4 survivors (4096K)
 Metaspace       used 55751K, committed 56192K, reserved 1105920K
  class space    used 7444K, committed 7680K, reserved 1048576K

Heap Regions: E=young(eden), S=young(survivor), O=old, HS=humongous(starts), HC=humongous(continues), CS=collection set, F=free, OA=open archive, CA=closed archive, TAMS=top-at-mark-start (previous, next)
|   0|0x00000000e2200000, 0x00000000e2300000, 0x00000000e2300000|100%|HS|  |TAMS 0x00000000e2300000, 0x00000000e2200000| Complete 
|   1|0x00000000e2300000, 0x00000000e2400000, 0x00000000e2400000|100%| O|  |TAMS 0x00000000e2400000, 0x00000000e2300000| Untracked 
|   2|0x00000000e2400000, 0x00000000e2500000, 0x00000000e2500000|100%| O|  |TAMS 0x00000000e2500000, 0x00000000e2400000| Untracked 
|   3|0x00000000e2500000, 0x00000000e2600000, 0x00000000e2600000|100%| O|  |TAMS 0x00000000e2600000, 0x00000000e2500000| Untracked 
|   4|0x00000000e2600000, 0x00000000e2700000, 0x00000000e2700000|100%| O|  |TAMS 0x00000000e2700000, 0x00000000e2600000| Untracked 
|   5|0x00000000e2700000, 0x00000000e2800000, 0x00000000e2800000|100%| O|  |TAMS 0x00000000e2800000, 0x00000000e2700000| Untracked 
|   6|0x00000000e2800000, 0x00000000e2900000, 0x00000000e2900000|100%| O|  |TAMS 0x00000000e2900000, 0x00000000e2800000| Untracked 
|   7|0x00000000e2900000, 0x00000000e2911400, 0x00000000e2a00000|  6%| O|  |TAMS 0x00000000e2911400, 0x00000000e2900000| Untracked 
|   8|0x00000000e2a00000, 0x00000000e2b00000, 0x00000000e2b00000|100%| O|  |TAMS 0x00000000e2b00000, 0x00000000e2a00000| Untracked 
|   9|0x00000000e2b00000, 0x00000000e2c00000, 0x00000000e2c00000|100%| O|  |TAMS 0x00000000e2c00000, 0x00000000e2b00000| Untracked 
|  10|0x00000000e2c00000, 0x00000000e2d00000, 0x00000000e2d00000|100%| O|  |TAMS 0x00000000e2d00000, 0x00000000e2c00000| Untracked 
|  11|0x00000000e2d00000, 0x00000000e2e00000, 0x00000000e2e00000|100%| O|  |TAMS 0x00000000e2e00000, 0x00000000e2d00000| Untracked 
|  12|0x00000000e2e00000, 0x00000000e2f00000, 0x00000000e2f00000|100%| O|  |TAMS 0x00000000e2e5a200, 0x00000000e2e00000| Untracked 
|  13|0x00000000e2f00000, 0x00000000e3000000, 0x00000000e3000000|100%| O|  |TAMS 0x00000000e2f00000, 0x00000000e2f00000| Untracked 
|  14|0x00000000e3000000, 0x00000000e3100000, 0x00000000e3100000|100%| O|  |TAMS 0x00000000e3000000, 0x00000000e3000000| Untracked 
|  15|0x00000000e3100000, 0x00000000e3200000, 0x00000000e3200000|100%| O|  |TAMS 0x00000000e3100000, 0x00000000e3100000| Untracked 
|  16|0x00000000e3200000, 0x00000000e3300000, 0x00000000e3300000|100%| O|  |TAMS 0x00000000e3200000, 0x00000000e3200000| Untracked 
|  17|0x00000000e3300000, 0x00000000e3351800, 0x00000000e3400000| 31%| O|  |TAMS 0x00000000e3300000, 0x00000000e3300000| Untracked 
|  18|0x00000000e3400000, 0x00000000e3400000, 0x00000000e3500000|  0%| F|  |TAMS 0x00000000e3400000, 0x00000000e3400000| Untracked 
|  19|0x00000000e3500000, 0x00000000e3500000, 0x00000000e3600000|  0%| F|  |TAMS 0x00000000e3500000, 0x00000000e3500000| Untracked 
|  20|0x00000000e3600000, 0x00000000e3600000, 0x00000000e3700000|  0%| F|  |TAMS 0x00000000e3600000, 0x00000000e3600000| Untracked 
|  21|0x00000000e3700000, 0x00000000e3700000, 0x00000000e3800000|  0%| F|  |TAMS 0x00000000e3700000, 0x00000000e3700000| Untracked 
|  22|0x00000000e3800000, 0x00000000e3800000, 0x00000000e3900000|  0%| F|  |TAMS 0x00000000e3800000, 0x00000000e3800000| Untracked 
|  23|0x00000000e3900000, 0x00000000e3900000, 0x00000000e3a00000|  0%| F|  |TAMS 0x00000000e3900000, 0x00000000e3900000| Untracked 
|  24|0x00000000e3a00000, 0x00000000e3a00000, 0x00000000e3b00000|  0%| F|  |TAMS 0x00000000e3a00000, 0x00000000e3a00000| Untracked 
|  25|0x00000000e3b00000, 0x00000000e3b00000, 0x00000000e3c00000|  0%| F|  |TAMS 0x00000000e3b00000, 0x00000000e3b00000| Untracked 
|  26|0x00000000e3c00000, 0x00000000e3c00000, 0x00000000e3d00000|  0%| F|  |TAMS 0x00000000e3c00000, 0x00000000e3c00000| Untracked 
|  27|0x00000000e3d00000, 0x00000000e3d00000, 0x00000000e3e00000|  0%| F|  |TAMS 0x00000000e3d00000, 0x00000000e3d00000| Untracked 
|  28|0x00000000e3e00000, 0x00000000e3e00000, 0x00000000e3f00000|  0%| F|  |TAMS 0x00000000e3e00000, 0x00000000e3e00000| Untracked 
|  29|0x00000000e3f00000, 0x00000000e3f00000, 0x00000000e4000000|  0%| F|  |TAMS 0x00000000e3f00000, 0x00000000e3f00000| Untracked 
|  30|0x00000000e4000000, 0x00000000e4000000, 0x00000000e4100000|  0%| F|  |TAMS 0x00000000e4000000, 0x00000000e4000000| Untracked 
|  31|0x00000000e4100000, 0x00000000e4200000, 0x00000000e4200000|100%| S|CS|TAMS 0x00000000e4100000, 0x00000000e4100000| Complete 
|  32|0x00000000e4200000, 0x00000000e4300000, 0x00000000e4300000|100%| S|CS|TAMS 0x00000000e4200000, 0x00000000e4200000| Complete 
|  33|0x00000000e4300000, 0x00000000e4400000, 0x00000000e4400000|100%| S|CS|TAMS 0x00000000e4300000, 0x00000000e4300000| Complete 
|  34|0x00000000e4400000, 0x00000000e4400000, 0x00000000e4500000|  0%| F|  |TAMS 0x00000000e4400000, 0x00000000e4400000| Untracked 
|  35|0x00000000e4500000, 0x00000000e4500000, 0x00000000e4600000|  0%| F|  |TAMS 0x00000000e4500000, 0x00000000e4500000| Untracked 
|  36|0x00000000e4600000, 0x00000000e4700000, 0x00000000e4700000|100%| S|CS|TAMS 0x00000000e4600000, 0x00000000e4600000| Complete 
|  37|0x00000000e4700000, 0x00000000e4700000, 0x00000000e4800000|  0%| F|  |TAMS 0x00000000e4700000, 0x00000000e4700000| Untracked 
|  38|0x00000000e4800000, 0x00000000e4800000, 0x00000000e4900000|  0%| F|  |TAMS 0x00000000e4800000, 0x00000000e4800000| Untracked 
|  39|0x00000000e4900000, 0x00000000e4900000, 0x00000000e4a00000|  0%| F|  |TAMS 0x00000000e4900000, 0x00000000e4900000| Untracked 
|  40|0x00000000e4a00000, 0x00000000e4a00000, 0x00000000e4b00000|  0%| F|  |TAMS 0x00000000e4a00000, 0x00000000e4a00000| Untracked 
|  41|0x00000000e4b00000, 0x00000000e4b00000, 0x00000000e4c00000|  0%| F|  |TAMS 0x00000000e4b00000, 0x00000000e4b00000| Untracked 
|  42|0x00000000e4c00000, 0x00000000e4c00000, 0x00000000e4d00000|  0%| F|  |TAMS 0x00000000e4c00000, 0x00000000e4c00000| Untracked 
|  43|0x00000000e4d00000, 0x00000000e4d00000, 0x00000000e4e00000|  0%| F|  |TAMS 0x00000000e4d00000, 0x00000000e4d00000| Untracked 
|  44|0x00000000e4e00000, 0x00000000e4e00000, 0x00000000e4f00000|  0%| F|  |TAMS 0x00000000e4e00000, 0x00000000e4e00000| Untracked 
|  45|0x00000000e4f00000, 0x00000000e4f00000, 0x00000000e5000000|  0%| F|  |TAMS 0x00000000e4f00000, 0x00000000e4f00000| Untracked 
|  46|0x00000000e5000000, 0x00000000e5000000, 0x00000000e5100000|  0%| F|  |TAMS 0x00000000e5000000, 0x00000000e5000000| Untracked 
|  47|0x00000000e5100000, 0x00000000e5100000, 0x00000000e5200000|  0%| F|  |TAMS 0x00000000e5100000, 0x00000000e5100000| Untracked 
|  48|0x00000000e5200000, 0x00000000e5200000, 0x00000000e5300000|  0%| F|  |TAMS 0x00000000e5200000, 0x00000000e5200000| Untracked 
|  49|0x00000000e5300000, 0x00000000e5300000, 0x00000000e5400000|  0%| F|  |TAMS 0x00000000e5300000, 0x00000000e5300000| Untracked 
|  50|0x00000000e5400000, 0x00000000e5400000, 0x00000000e5500000|  0%| F|  |TAMS 0x00000000e5400000, 0x00000000e5400000| Untracked 
|  51|0x00000000e5500000, 0x00000000e5500000, 0x00000000e5600000|  0%| F|  |TAMS 0x00000000e5500000, 0x00000000e5500000| Untracked 
|  52|0x00000000e5600000, 0x00000000e5600000, 0x00000000e5700000|  0%| F|  |TAMS 0x00000000e5600000, 0x00000000e5600000| Untracked 
|  53|0x00000000e5700000, 0x00000000e5700000, 0x00000000e5800000|  0%| F|  |TAMS 0x00000000e5700000, 0x00000000e5700000| Untracked 
|  54|0x00000000e5800000, 0x00000000e5800000, 0x00000000e5900000|  0%| F|  |TAMS 0x00000000e5800000, 0x00000000e5800000| Untracked 
|  55|0x00000000e5900000, 0x00000000e5900000, 0x00000000e5a00000|  0%| F|  |TAMS 0x00000000e5900000, 0x00000000e5900000| Untracked 
|  56|0x00000000e5a00000, 0x00000000e5a00000, 0x00000000e5b00000|  0%| F|  |TAMS 0x00000000e5a00000, 0x00000000e5a00000| Untracked 
|  57|0x00000000e5b00000, 0x00000000e5b00000, 0x00000000e5c00000|  0%| F|  |TAMS 0x00000000e5b00000, 0x00000000e5b00000| Untracked 
|  58|0x00000000e5c00000, 0x00000000e5c00000, 0x00000000e5d00000|  0%| F|  |TAMS 0x00000000e5c00000, 0x00000000e5c00000| Untracked 
|  59|0x00000000e5d00000, 0x00000000e5d00000, 0x00000000e5e00000|  0%| F|  |TAMS 0x00000000e5d00000, 0x00000000e5d00000| Untracked 
|  60|0x00000000e5e00000, 0x00000000e5e00000, 0x00000000e5f00000|  0%| F|  |TAMS 0x00000000e5e00000, 0x00000000e5e00000| Untracked 
|  61|0x00000000e5f00000, 0x00000000e5f00000, 0x00000000e6000000|  0%| F|  |TAMS 0x00000000e5f00000, 0x00000000e5f00000| Untracked 
|  62|0x00000000e6000000, 0x00000000e6000000, 0x00000000e6100000|  0%| F|  |TAMS 0x00000000e6000000, 0x00000000e6000000| Untracked 
|  63|0x00000000e6100000, 0x00000000e6100000, 0x00000000e6200000|  0%| F|  |TAMS 0x00000000e6100000, 0x00000000e6100000| Untracked 
|  64|0x00000000e6200000, 0x00000000e6200000, 0x00000000e6300000|  0%| F|  |TAMS 0x00000000e6200000, 0x00000000e6200000| Untracked 
|  65|0x00000000e6300000, 0x00000000e6300000, 0x00000000e6400000|  0%| F|  |TAMS 0x00000000e6300000, 0x00000000e6300000| Untracked 
|  66|0x00000000e6400000, 0x00000000e6400000, 0x00000000e6500000|  0%| F|  |TAMS 0x00000000e6400000, 0x00000000e6400000| Untracked 
|  67|0x00000000e6500000, 0x00000000e6500000, 0x00000000e6600000|  0%| F|  |TAMS 0x00000000e6500000, 0x00000000e6500000| Untracked 
|  68|0x00000000e6600000, 0x00000000e6600000, 0x00000000e6700000|  0%| F|  |TAMS 0x00000000e6600000, 0x00000000e6600000| Untracked 
|  69|0x00000000e6700000, 0x00000000e6700000, 0x00000000e6800000|  0%| F|  |TAMS 0x00000000e6700000, 0x00000000e6700000| Untracked 
|  70|0x00000000e6800000, 0x00000000e6800000, 0x00000000e6900000|  0%| F|  |TAMS 0x00000000e6800000, 0x00000000e6800000| Untracked 
|  71|0x00000000e6900000, 0x00000000e6900000, 0x00000000e6a00000|  0%| F|  |TAMS 0x00000000e6900000, 0x00000000e6900000| Untracked 
|  72|0x00000000e6a00000, 0x00000000e6a00000, 0x00000000e6b00000|  0%| F|  |TAMS 0x00000000e6a00000, 0x00000000e6a00000| Untracked 
|  73|0x00000000e6b00000, 0x00000000e6b00000, 0x00000000e6c00000|  0%| F|  |TAMS 0x00000000e6b00000, 0x00000000e6b00000| Untracked 
|  74|0x00000000e6c00000, 0x00000000e6c00000, 0x00000000e6d00000|  0%| F|  |TAMS 0x00000000e6c00000, 0x00000000e6c00000| Untracked 
|  75|0x00000000e6d00000, 0x00000000e6d00000, 0x00000000e6e00000|  0%| F|  |TAMS 0x00000000e6d00000, 0x00000000e6d00000| Untracked 
|  76|0x00000000e6e00000, 0x00000000e6e00000, 0x00000000e6f00000|  0%| F|  |TAMS 0x00000000e6e00000, 0x00000000e6e00000| Untracked 
|  77|0x00000000e6f00000, 0x00000000e6f00000, 0x00000000e7000000|  0%| F|  |TAMS 0x00000000e6f00000, 0x00000000e6f00000| Untracked 
|  78|0x00000000e7000000, 0x00000000e7080800, 0x00000000e7100000| 50%| E|  |TAMS 0x00000000e7000000, 0x00000000e7000000| Complete 
|  79|0x00000000e7100000, 0x00000000e7200000, 0x00000000e7200000|100%| E|CS|TAMS 0x00000000e7100000, 0x00000000e7100000| Complete 
|  80|0x00000000e7200000, 0x00000000e7300000, 0x00000000e7300000|100%| E|CS|TAMS 0x00000000e7200000, 0x00000000e7200000| Complete 
|  81|0x00000000e7300000, 0x00000000e7400000, 0x00000000e7400000|100%| E|CS|TAMS 0x00000000e7300000, 0x00000000e7300000| Complete 
|  82|0x00000000e7400000, 0x00000000e7500000, 0x00000000e7500000|100%| E|CS|TAMS 0x00000000e7400000, 0x00000000e7400000| Complete 
|  83|0x00000000e7500000, 0x00000000e7600000, 0x00000000e7600000|100%| E|CS|TAMS 0x00000000e7500000, 0x00000000e7500000| Complete 
|  84|0x00000000e7600000, 0x00000000e7700000, 0x00000000e7700000|100%| E|CS|TAMS 0x00000000e7600000, 0x00000000e7600000| Complete 
|  85|0x00000000e7700000, 0x00000000e7800000, 0x00000000e7800000|100%| E|CS|TAMS 0x00000000e7700000, 0x00000000e7700000| Complete 
|  86|0x00000000e7800000, 0x00000000e7900000, 0x00000000e7900000|100%| E|CS|TAMS 0x00000000e7800000, 0x00000000e7800000| Complete 

Card table byte_map: [0x0000000f6ae90000,0x0000000f6af80000] _byte_map_base: 0x0000000f6a77f000

Marking Bits (Prev, Next): (CMBitMap*) 0x0000000f6afd1670, (CMBitMap*) 0x0000000f6afd16b0
 Prev Bits: [0x0000000f7d610000, 0x0000000f7dd88000)
 Next Bits: [0x0000000f7dd90000, 0x0000000f7e508000)

Polling page: 0x0000000f68ec0000

Metaspace:

Usage:
  Non-class:     47.17 MB used.
      Class:      7.27 MB used.
       Both:     54.44 MB used.

Virtual space:
  Non-class space:       56.00 MB reserved,      47.38 MB ( 85%) committed,  7 nodes.
      Class space:        1.00 GB reserved,       7.50 MB ( <1%) committed,  1 nodes.
              Both:        1.05 GB reserved,      54.88 MB (  5%) committed. 

Chunk freelists:
   Non-Class:  3.92 MB
       Class:  496.00 KB
        Both:  4.41 MB

MaxMetaspaceSize: 17179869184.00 GB
CompressedClassSpaceSize: 1.00 GB
 - commit_granule_bytes: 65536.
 - commit_granule_words: 8192.
 - virtual_space_node_default_size: 1048576.
 - enlarge_chunks_in_place: 1.
 - new_chunks_are_fully_committed: 0.
 - uncommit_free_chunks: 1.
 - use_allocation_guard: 0.
 - handle_deallocations: 1.


Internal statistics:

num_allocs_failed_limit: 8.
num_arena_births: 466.
num_arena_deaths: 0.
num_vsnodes_births: 8.
num_vsnodes_deaths: 0.
num_space_committed: 878.
num_space_uncommitted: 0.
num_chunks_returned_to_freelist: 8.
num_chunks_taken_from_freelist: 2130.
num_chunk_merges: 8.
num_chunk_splits: 1532.
num_chunks_enlarged: 1209.
num_purges: 0.

CodeHeap 'non-profiled nmethods': size=238912Kb used=6529Kb max_used=6529Kb free=232382Kb
 bounds [0x0000000f6ebd0000, 0x0000000f6f240000, 0x0000000f7d520000]
CodeHeap 'non-nmethods': size=6848Kb used=1265Kb max_used=1265Kb free=5582Kb
 bounds [0x0000000f6e520000, 0x0000000f6e790000, 0x0000000f6ebd0000]
 total_blobs=4797 nmethods=4212 adapters=513
 compilation: enabled
              stopped_count=0, restarted_count=0
 full_count=0

Compilation events (20 events):
Event: 30.752 Thread 0x0000000f7ef821f0 4199       1       net.bytebuddy.description.type.TypeDescription$Generic$LazyProjection::getStackSize (10 bytes)
Event: 30.752 Thread 0x0000000f7ef821f0 nmethod 4199 0x0000000f6f22ce10 code [0x0000000f6f22cfc0, 0x0000000f6f22d0d8]
Event: 30.752 Thread 0x0000000f7ef821f0 4201       1       net.bytebuddy.implementation.bytecode.member.FieldAccess::access$300 (5 bytes)
Event: 30.752 Thread 0x0000000f7ef821f0 nmethod 4201 0x0000000f6f22d190 code [0x0000000f6f22d320, 0x0000000f6f22d3d8]
Event: 30.755 Thread 0x0000000f7ef821f0 4203       1       org.hibernate.internal.util.collections.JoinedIterator::hasNext (14 bytes)
Event: 30.755 Thread 0x0000000f7ef821f0 nmethod 4203 0x0000000f6f22d490 code [0x0000000f6f22d640, 0x0000000f6f22d758]
Event: 30.871 Thread 0x0000000f7ef821f0 4206       1       java.lang.ThreadLocal::<init> (12 bytes)
Event: 30.872 Thread 0x0000000f7ef821f0 nmethod 4206 0x0000000f6f22de10 code [0x0000000f6f22dfa0, 0x0000000f6f22e098]
Event: 30.872 Thread 0x0000000f7ef821f0 4207       1       java.lang.ThreadLocal::nextHashCode (9 bytes)
Event: 30.872 Thread 0x0000000f7ef821f0 nmethod 4207 0x0000000f6f22e190 code [0x0000000f6f22e320, 0x0000000f6f22e3f8]
Event: 30.902 Thread 0x0000000f7ef821f0 4209       1       java.lang.Long::stringSize (55 bytes)
Event: 30.903 Thread 0x0000000f7ef821f0 nmethod 4209 0x0000000f6f22e790 code [0x0000000f6f22e920, 0x0000000f6f22ea78]
Event: 30.903 Thread 0x0000000f7ef821f0 4210       1       java.lang.Long::getChars (208 bytes)
Event: 30.904 Thread 0x0000000f7ef821f0 nmethod 4210 0x0000000f6f22eb10 code [0x0000000f6f22ece0, 0x0000000f6f22f0f8]
Event: 30.955 Thread 0x0000000f7ef821f0 4211       1       java.util.regex.Pattern$Ques::match (196 bytes)
Event: 30.957 Thread 0x0000000f7ef821f0 nmethod 4211 0x0000000f6f22f490 code [0x0000000f6f22f6e0, 0x0000000f6f22fbb8]
Event: 30.995 Thread 0x0000000f7ef821f0 4212       1       java.util.Properties::containsKey (9 bytes)
Event: 30.995 Thread 0x0000000f7ef821f0 nmethod 4212 0x0000000f6f22fe10 code [0x0000000f6f22ffc0, 0x0000000f6f2300a8]
Event: 31.036 Thread 0x0000000f7ef821f0 4213       1       org.hibernate.internal.util.StringHelper::isEmpty (17 bytes)
Event: 31.037 Thread 0x0000000f7ef821f0 nmethod 4213 0x0000000f6f230110 code [0x0000000f6f2302a0, 0x0000000f6f230398]

GC Heap History (20 events):
Event: 12.418 GC heap before
{Heap before GC invocations=12 (full 0):
 garbage-first heap   total 40960K, used 29777K [0x00000000e2200000, 0x0000000100000000)
  region size 1024K, 20 young (20480K), 1 survivors (1024K)
 Metaspace       used 28571K, committed 28864K, reserved 1081344K
  class space    used 3453K, committed 3584K, reserved 1048576K
}
Event: 12.426 GC heap after
{Heap after GC invocations=13 (full 0):
 garbage-first heap   total 40960K, used 11979K [0x00000000e2200000, 0x0000000100000000)
  region size 1024K, 2 young (2048K), 2 survivors (2048K)
 Metaspace       used 28571K, committed 28864K, reserved 1081344K
  class space    used 3453K, committed 3584K, reserved 1048576K
}
Event: 14.006 GC heap before
{Heap before GC invocations=13 (full 0):
 garbage-first heap   total 40960K, used 30411K [0x00000000e2200000, 0x0000000100000000)
  region size 1024K, 20 young (20480K), 2 survivors (2048K)
 Metaspace       used 30455K, committed 30784K, reserved 1081344K
  class space    used 3738K, committed 3904K, reserved 1048576K
}
Event: 14.014 GC heap after
{Heap after GC invocations=14 (full 0):
 garbage-first heap   total 40960K, used 12805K [0x00000000e2200000, 0x0000000100000000)
  region size 1024K, 3 young (3072K), 3 survivors (3072K)
 Metaspace       used 30455K, committed 30784K, reserved 1081344K
  class space    used 3738K, committed 3904K, reserved 1048576K
}
Event: 16.728 GC heap before
{Heap before GC invocations=14 (full 0):
 garbage-first heap   total 40960K, used 30213K [0x00000000e2200000, 0x0000000100000000)
  region size 1024K, 21 young (21504K), 3 survivors (3072K)
 Metaspace       used 32625K, committed 32960K, reserved 1081344K
  class space    used 4077K, committed 4224K, reserved 1048576K
}
Event: 16.738 GC heap after
{Heap after GC invocations=15 (full 0):
 garbage-first heap   total 40960K, used 13825K [0x00000000e2200000, 0x0000000100000000)
  region size 1024K, 3 young (3072K), 3 survivors (3072K)
 Metaspace       used 32625K, committed 32960K, reserved 1081344K
  class space    used 4077K, committed 4224K, reserved 1048576K
}
Event: 18.736 GC heap before
{Heap before GC invocations=15 (full 0):
 garbage-first heap   total 40960K, used 30209K [0x00000000e2200000, 0x0000000100000000)
  region size 1024K, 20 young (20480K), 3 survivors (3072K)
 Metaspace       used 35472K, committed 35776K, reserved 1081344K
  class space    used 4511K, committed 4672K, reserved 1048576K
}
Event: 18.752 GC heap after
{Heap after GC invocations=16 (full 0):
 garbage-first heap   total 40960K, used 15463K [0x00000000e2200000, 0x0000000100000000)
  region size 1024K, 3 young (3072K), 3 survivors (3072K)
 Metaspace       used 35472K, committed 35776K, reserved 1081344K
  class space    used 4511K, committed 4672K, reserved 1048576K
}
Event: 20.056 GC heap before
{Heap before GC invocations=17 (full 0):
 garbage-first heap   total 40960K, used 29799K [0x00000000e2200000, 0x0000000100000000)
  region size 1024K, 18 young (18432K), 3 survivors (3072K)
 Metaspace       used 37277K, committed 37696K, reserved 1089536K
  class space    used 4758K, committed 4928K, reserved 1048576K
}
Event: 20.068 GC heap after
{Heap after GC invocations=18 (full 0):
 garbage-first heap   total 40960K, used 16820K [0x00000000e2200000, 0x0000000100000000)
  region size 1024K, 2 young (2048K), 2 survivors (2048K)
 Metaspace       used 37277K, committed 37696K, reserved 1089536K
  class space    used 4758K, committed 4928K, reserved 1048576K
}
Event: 20.081 GC heap before
{Heap before GC invocations=18 (full 0):
 garbage-first heap   total 40960K, used 30132K [0x00000000e2200000, 0x0000000100000000)
  region size 1024K, 16 young (16384K), 2 survivors (2048K)
 Metaspace       used 37277K, committed 37696K, reserved 1089536K
  class space    used 4758K, committed 4928K, reserved 1048576K
}
Event: 20.086 GC heap after
{Heap after GC invocations=19 (full 0):
 garbage-first heap   total 40960K, used 16826K [0x00000000e2200000, 0x0000000100000000)
  region size 1024K, 1 young (1024K), 1 survivors (1024K)
 Metaspace       used 37277K, committed 37696K, reserved 1089536K
  class space    used 4758K, committed 4928K, reserved 1048576K
}
Event: 20.099 GC heap before
{Heap before GC invocations=19 (full 0):
 garbage-first heap   total 40960K, used 30138K [0x00000000e2200000, 0x0000000100000000)
  region size 1024K, 15 young (15360K), 1 survivors (1024K)
 Metaspace       used 37277K, committed 37696K, reserved 1089536K
  class space    used 4758K, committed 4928K, reserved 1048576K
}
Event: 20.100 GC heap after
{Heap after GC invocations=20 (full 0):
 garbage-first heap   total 40960K, used 16843K [0x00000000e2200000, 0x0000000100000000)
  region size 1024K, 1 young (1024K), 1 survivors (1024K)
 Metaspace       used 37277K, committed 37696K, reserved 1089536K
  class space    used 4758K, committed 4928K, reserved 1048576K
}
Event: 20.457 GC heap before
{Heap before GC invocations=20 (full 0):
 garbage-first heap   total 40960K, used 30155K [0x00000000e2200000, 0x0000000100000000)
  region size 1024K, 15 young (15360K), 1 survivors (1024K)
 Metaspace       used 37732K, committed 38144K, reserved 1089536K
  class space    used 4799K, committed 4992K, reserved 1048576K
}
Event: 20.461 GC heap after
{Heap after GC invocations=21 (full 0):
 garbage-first heap   total 89088K, used 17158K [0x00000000e2200000, 0x0000000100000000)
  region size 1024K, 1 young (1024K), 1 survivors (1024K)
 Metaspace       used 37732K, committed 38144K, reserved 1089536K
  class space    used 4799K, committed 4992K, reserved 1048576K
}
Event: 22.358 GC heap before
{Heap before GC invocations=21 (full 0):
 garbage-first heap   total 89088K, used 68358K [0x00000000e2200000, 0x0000000100000000)
  region size 1024K, 52 young (53248K), 1 survivors (1024K)
 Metaspace       used 41003K, committed 41344K, reserved 1089536K
  class space    used 5147K, committed 5312K, reserved 1048576K
}
Event: 22.368 GC heap after
{Heap after GC invocations=22 (full 0):
 garbage-first heap   total 89088K, used 18238K [0x00000000e2200000, 0x0000000100000000)
  region size 1024K, 2 young (2048K), 2 survivors (2048K)
 Metaspace       used 41003K, committed 41344K, reserved 1089536K
  class space    used 5147K, committed 5312K, reserved 1048576K
}
Event: 29.255 GC heap before
{Heap before GC invocations=22 (full 0):
 garbage-first heap   total 89088K, used 69438K [0x00000000e2200000, 0x0000000100000000)
  region size 1024K, 52 young (53248K), 2 survivors (2048K)
 Metaspace       used 53988K, committed 54400K, reserved 1097728K
  class space    used 7138K, committed 7360K, reserved 1048576K
}
Event: 29.276 GC heap after
{Heap after GC invocations=23 (full 0):
 garbage-first heap   total 89088K, used 20875K [0x00000000e2200000, 0x0000000100000000)
  region size 1024K, 4 young (4096K), 4 survivors (4096K)
 Metaspace       used 53988K, committed 54400K, reserved 1097728K
  class space    used 7138K, committed 7360K, reserved 1048576K
}

Deoptimization events (2 events):
Event: 16.141 Thread 0x0000000f02f9ea30 DEOPT PACKING pc=0x0000000f6eed5cbc sp=0x0000000f04e3c900
Event: 16.141 Thread 0x0000000f02f9ea30 DEOPT UNPACKING pc=0x0000000f6e56deaf sp=0x0000000f04e3be58 mode 0

Classes unloaded (0 events):
No events

Classes redefined (0 events):
No events

Internal exceptions (20 events):
Event: 18.152 Thread 0x0000000f02f9ea30 Exception <a 'java/lang/ClassNotFoundException'{0x00000000e3d31628}: java/lang/ObjectCustomizer> (0x00000000e3d31628) 
thrown [t:\workspace\open\src\hotspot\share\classfile\systemDictionary.cpp, line 256]
Event: 18.155 Thread 0x0000000f02f9ea30 Exception <a 'java/lang/ClassNotFoundException'{0x00000000e3d3aba8}: org/springframework/transaction/annotation/AbstractTransactionManagementConfigurationCustomizer> (0x00000000e3d3aba8) 
thrown [t:\workspace\open\src\hotspot\share\classfile\systemDictionary.cpp, line 256]
Event: 18.157 Thread 0x0000000f02f9ea30 Exception <a 'java/lang/ClassNotFoundException'{0x00000000e3d42bb8}: org/springframework/transaction/annotation/ProxyTransactionManagementConfigurationCustomizer> (0x00000000e3d42bb8) 
thrown [t:\workspace\open\src\hotspot\share\classfile\systemDictionary.cpp, line 256]
Event: 18.161 Thread 0x0000000f02f9ea30 Exception <a 'java/lang/ClassNotFoundException'{0x00000000e3d4fbe8}: org/springframework/context/annotation/ImportAwareCustomizer> (0x00000000e3d4fbe8) 
thrown [t:\workspace\open\src\hotspot\share\classfile\systemDictionary.cpp, line 256]
Event: 18.163 Thread 0x0000000f02f9ea30 Exception <a 'java/lang/ClassNotFoundException'{0x00000000e3d55f70}: org/springframework/beans/factory/AwareCustomizer> (0x00000000e3d55f70) 
thrown [t:\workspace\open\src\hotspot\share\classfile\systemDictionary.cpp, line 256]
Event: 18.371 Thread 0x0000000f02f9ea30 Exception <a 'java/lang/NoSuchMethodError'{0x00000000e3b04d08}: 'java.lang.Object java.lang.invoke.DirectMethodHandle$Holder.invokeSpecialIFC(java.lang.Object, java.lang.Object, java.lang.Object)'> (0x00000000e3b04d08) 
thrown [t:\workspace\open\src\hotspot\share\interpreter\linkResolver.cpp, line 790]
Event: 18.921 Thread 0x0000000f02f9ea30 Exception <a 'java/lang/NoSuchMethodError'{0x00000000e5c9a3a0}: 'void java.lang.invoke.DirectMethodHandle$Holder.invokeInterface(java.lang.Object, java.lang.Object, int)'> (0x00000000e5c9a3a0) 
thrown [t:\workspace\open\src\hotspot\share\interpreter\linkResolver.cpp, line 790]
Event: 18.928 Thread 0x0000000f02f9ea30 Exception <a 'java/lang/NoSuchMethodError'{0x00000000e5cb4a70}: 'int java.lang.invoke.DirectMethodHandle$Holder.invokeVirtual(java.lang.Object, java.lang.Object)'> (0x00000000e5cb4a70) 
thrown [t:\workspace\open\src\hotspot\share\interpreter\linkResolver.cpp, line 790]
Event: 18.945 Thread 0x0000000f02f9ea30 Exception <a 'java/lang/IncompatibleClassChangeError'{0x00000000e5cf0608}: Found class java.lang.Object, but interface was expected> (0x00000000e5cf0608) 
thrown [t:\workspace\open\src\hotspot\share\interpreter\linkResolver.cpp, line 857]
Event: 18.947 Thread 0x0000000f02f9ea30 Exception <a 'java/lang/NoSuchMethodError'{0x00000000e5cf5a40}: 'void java.lang.invoke.DirectMethodHandle$Holder.invokeStatic(java.lang.Object, int, java.lang.Object)'> (0x00000000e5cf5a40) 
thrown [t:\workspace\open\src\hotspot\share\interpreter\linkResolver.cpp, line 790]
Event: 18.960 Thread 0x0000000f02f9ea30 Exception <a 'java/lang/NoSuchMethodError'{0x00000000e5b265c0}: 'int java.lang.invoke.DirectMethodHandle$Holder.invokeSpecial(java.lang.Object, java.lang.Object, int)'> (0x00000000e5b265c0) 
thrown [t:\workspace\open\src\hotspot\share\interpreter\linkResolver.cpp, line 790]
Event: 20.791 Thread 0x0000000f02f9ea30 Exception <a 'java/io/FileNotFoundException'{0x00000000e534a180}> (0x00000000e534a180) 
thrown [t:\workspace\open\src\hotspot\share\prims\jni.cpp, line 579]
Event: 20.914 Thread 0x0000000f02f9ea30 Exception <a 'java/lang/NoSuchMethodError'{0x00000000e52b0a70}: 'int java.lang.invoke.DirectMethodHandle$Holder.invokeInterface(java.lang.Object, java.lang.Object, java.lang.Object, java.lang.Object)'> (0x00000000e52b0a70) 
thrown [t:\workspace\open\src\hotspot\share\interpreter\linkResolver.cpp, line 790]
Event: 22.677 Thread 0x0000000f02f9ea30 Exception <a 'java/lang/NoSuchMethodError'{0x00000000e763c908}: 'java.lang.Object java.lang.invoke.DirectMethodHandle$Holder.invokeStaticInit(java.lang.Object, java.lang.Object, java.lang.Object, java.lang.Object)'> (0x00000000e763c908) 
thrown [t:\workspace\open\src\hotspot\share\interpreter\linkResolver.cpp, line 790]
Event: 22.999 Thread 0x0000000f02f9ea30 Exception <a 'java/io/FileNotFoundException'{0x00000000e74d0568}> (0x00000000e74d0568) 
thrown [t:\workspace\open\src\hotspot\share\prims\jni.cpp, line 579]
Event: 27.642 Thread 0x0000000f02f9ea30 Exception <a 'java/lang/NoSuchMethodError'{0x00000000e53c3558}: 'java.lang.Object java.lang.invoke.DirectMethodHandle$Holder.newInvokeSpecial(java.lang.Object, java.lang.Object, int, java.lang.Object, java.lang.Object)'> (0x00000000e53c3558) 
thrown [t:\workspace\open\src\hotspot\share\interpreter\linkResolver.cpp, line 790]
Event: 30.757 Thread 0x0000000f02f9ea30 Exception <a 'java/lang/NoSuchMethodError'{0x00000000e7219770}: 'void java.lang.invoke.DirectMethodHandle$Holder.invokeInterface(java.lang.Object, java.lang.Object)'> (0x00000000e7219770) 
thrown [t:\workspace\open\src\hotspot\share\interpreter\linkResolver.cpp, line 790]
Event: 30.785 Thread 0x0000000f02f9ea30 Exception <a 'java/lang/NoSuchMethodError'{0x00000000e7237498}: 'int java.lang.invoke.DirectMethodHandle$Holder.invokeStatic(java.lang.Object, java.lang.Object, int)'> (0x00000000e7237498) 
thrown [t:\workspace\open\src\hotspot\share\interpreter\linkResolver.cpp, line 790]
Event: 30.893 Thread 0x0000000f02f9ea30 Exception <a 'java/lang/NoSuchMethodError'{0x00000000e72dbdd8}: 'java.lang.Object java.lang.invoke.DirectMethodHandle$Holder.invokeStaticInit(java.lang.Object, java.lang.Object, java.lang.Object, java.lang.Object, int, int)'> (0x00000000e72dbdd8) 
thrown [t:\workspace\open\src\hotspot\share\interpreter\linkResolver.cpp, line 790]
Event: 30.980 Thread 0x0000000f02f9ea30 Exception <a 'java/lang/NoSuchMethodError'{0x00000000e718ecb0}: 'void java.lang.invoke.DirectMethodHandle$Holder.invokeStaticInit(java.lang.Object, java.lang.Object, java.lang.Object, java.lang.Object)'> (0x00000000e718ecb0) 
thrown [t:\workspace\open\src\hotspot\share\interpreter\linkResolver.cpp, line 790]

Events (20 events):
Event: 30.489 loading class java/io/FilenameFilter
Event: 30.489 loading class java/io/FilenameFilter done
Event: 30.490 loading class java/nio/file/FileStore
Event: 30.490 loading class java/nio/file/FileStore done
Event: 30.490 loading class java/nio/file/attribute/UserPrincipal
Event: 30.491 loading class java/nio/file/attribute/UserPrincipal done
Event: 30.491 loading class java/nio/file/FileVisitor
Event: 30.492 loading class java/nio/file/FileVisitor done
Event: 30.492 loading class java/nio/file/FileVisitOption
Event: 30.493 loading class java/nio/file/FileVisitOption done
Event: 30.965 loading class java/lang/InheritableThreadLocal
Event: 30.965 loading class java/lang/InheritableThreadLocal done
Event: 30.967 Executing  VM operation: HandshakeAllThreads
Event: 30.967 Executing  VM operation: HandshakeAllThreads done
Event: 30.977 loading class java/io/StreamCorruptedException
Event: 30.977 loading class java/io/StreamCorruptedException done
Event: 30.982 loading class java/io/ObjectInputValidation
Event: 30.982 loading class java/io/ObjectInputValidation done
Event: 30.982 loading class java/io/NotActiveException
Event: 30.983 loading class java/io/NotActiveException done


Dynamic libraries:
0x00007ff7c18d0000 - 0x00007ff7c18de000 	D:\sts-4.11.1.RELEASE\plugins\org.eclipse.justj.openjdk.hotspot.jre.full.win32.x86_64_16.0.2.v20210721-1149\jre\bin\javaw.exe
0x00007ffb3deb0000 - 0x00007ffb3e072000 	C:\Windows\SYSTEM32\ntdll.dll
0x00007ffb3b680000 - 0x00007ffb3b72d000 	C:\Windows\system32\KERNEL32.DLL
0x00007ffb24a40000 - 0x00007ffb24a53000 	C:\Program Files\Avast Software\Avast\aswhook.dll
0x00007ffb3b390000 - 0x00007ffb3b56d000 	C:\Windows\system32\KERNELBASE.dll
0x00007ffb2a990000 - 0x00007ffb2a9a8000 	D:\sts-4.11.1.RELEASE\plugins\org.eclipse.justj.openjdk.hotspot.jre.full.win32.x86_64_16.0.2.v20210721-1149\jre\bin\jli.dll
0x00007ffb2a970000 - 0x00007ffb2a989000 	D:\sts-4.11.1.RELEASE\plugins\org.eclipse.justj.openjdk.hotspot.jre.full.win32.x86_64_16.0.2.v20210721-1149\jre\bin\VCRUNTIME140.dll
0x00007ffb33670000 - 0x00007ffb33762000 	C:\Windows\SYSTEM32\ucrtbase.dll
0x00007ffb3bd20000 - 0x00007ffb3be6e000 	C:\Windows\system32\USER32.dll
0x00007ffb3c710000 - 0x00007ffb3c894000 	C:\Windows\system32\GDI32.dll
0x00007ffb26970000 - 0x00007ffb26be4000 	C:\Windows\WinSxS\amd64_microsoft.windows.common-controls_6595b64144ccf1df_6.0.10240.17184_none_f41d7a705752bce6\COMCTL32.dll
0x00007ffb3c8e0000 - 0x00007ffb3c97d000 	C:\Windows\system32\msvcrt.dll
0x00007ffb3c8a0000 - 0x00007ffb3c8d6000 	C:\Windows\system32\IMM32.DLL
0x00007ffb3b790000 - 0x00007ffb3b8ec000 	C:\Windows\system32\MSCTF.dll
0x00007ffb32dd0000 - 0x00007ffb32ddc000 	D:\sts-4.11.1.RELEASE\plugins\org.eclipse.justj.openjdk.hotspot.jre.full.win32.x86_64_16.0.2.v20210721-1149\jre\bin\vcruntime140_1.dll
0x00007ffb15040000 - 0x00007ffb150d1000 	D:\sts-4.11.1.RELEASE\plugins\org.eclipse.justj.openjdk.hotspot.jre.full.win32.x86_64_16.0.2.v20210721-1149\jre\bin\msvcp140.dll
0x00007ffb065f0000 - 0x00007ffb0719b000 	D:\sts-4.11.1.RELEASE\plugins\org.eclipse.justj.openjdk.hotspot.jre.full.win32.x86_64_16.0.2.v20210721-1149\jre\bin\server\jvm.dll
0x00007ffb3b570000 - 0x00007ffb3b616000 	C:\Windows\system32\ADVAPI32.dll
0x00007ffb3c5d0000 - 0x00007ffb3c62b000 	C:\Windows\system32\sechost.dll
0x00007ffb3c160000 - 0x00007ffb3c286000 	C:\Windows\system32\RPCRT4.dll
0x00007ffb3c4c0000 - 0x00007ffb3c4c8000 	C:\Windows\system32\PSAPI.DLL
0x00007ffb38b60000 - 0x00007ffb38b83000 	C:\Windows\SYSTEM32\WINMM.dll
0x00007ffb35980000 - 0x00007ffb3598a000 	C:\Windows\SYSTEM32\VERSION.dll
0x00007ffb38b00000 - 0x00007ffb38b2c000 	C:\Windows\SYSTEM32\WINMMBASE.dll
0x00007ffb35680000 - 0x00007ffb35689000 	C:\Windows\SYSTEM32\WSOCK32.dll
0x00007ffb3b280000 - 0x00007ffb3b2c4000 	C:\Windows\system32\cfgmgr32.dll
0x00007ffb391b0000 - 0x00007ffb391d7000 	C:\Windows\SYSTEM32\DEVOBJ.dll
0x00007ffb3c3e0000 - 0x00007ffb3c449000 	C:\Windows\system32\WS2_32.dll
0x00007ffb3c450000 - 0x00007ffb3c458000 	C:\Windows\system32\NSI.dll
0x00007ffb3a960000 - 0x00007ffb3a96f000 	C:\Windows\system32\kernel.appcore.dll
0x00007ffb36410000 - 0x00007ffb3641a000 	D:\sts-4.11.1.RELEASE\plugins\org.eclipse.justj.openjdk.hotspot.jre.full.win32.x86_64_16.0.2.v20210721-1149\jre\bin\jimage.dll
0x00007ffb354d0000 - 0x00007ffb3565a000 	C:\Windows\SYSTEM32\DBGHELP.DLL
0x00007ffb352f0000 - 0x00007ffb35315000 	C:\Windows\SYSTEM32\dbgcore.DLL
0x00007ffb2c9a0000 - 0x00007ffb2c9c5000 	D:\sts-4.11.1.RELEASE\plugins\org.eclipse.justj.openjdk.hotspot.jre.full.win32.x86_64_16.0.2.v20210721-1149\jre\bin\java.dll
0x00007ffb35ed0000 - 0x00007ffb35ee8000 	D:\sts-4.11.1.RELEASE\plugins\org.eclipse.justj.openjdk.hotspot.jre.full.win32.x86_64_16.0.2.v20210721-1149\jre\bin\zip.dll
0x00007ffb3c980000 - 0x00007ffb3dea3000 	C:\Windows\system32\SHELL32.dll
0x00007ffb3abf0000 - 0x00007ffb3b219000 	C:\Windows\system32\windows.storage.dll
0x00007ffb3baa0000 - 0x00007ffb3bd1c000 	C:\Windows\system32\combase.dll
0x00007ffb3c460000 - 0x00007ffb3c4b1000 	C:\Windows\system32\shlwapi.dll
0x00007ffb3b2d0000 - 0x00007ffb3b383000 	C:\Windows\system32\shcore.dll
0x00007ffb3a8d0000 - 0x00007ffb3a91a000 	C:\Windows\system32\powrprof.dll
0x00007ffb3a940000 - 0x00007ffb3a953000 	C:\Windows\system32\profapi.dll
0x00007ffb2dba0000 - 0x00007ffb2dbb9000 	D:\sts-4.11.1.RELEASE\plugins\org.eclipse.justj.openjdk.hotspot.jre.full.win32.x86_64_16.0.2.v20210721-1149\jre\bin\net.dll
0x00007ffb364e0000 - 0x00007ffb365b6000 	C:\Windows\SYSTEM32\WINHTTP.dll
0x00007ffb3a0e0000 - 0x00007ffb3a13d000 	C:\Windows\system32\mswsock.dll
0x00007ffb2da60000 - 0x00007ffb2da73000 	D:\sts-4.11.1.RELEASE\plugins\org.eclipse.justj.openjdk.hotspot.jre.full.win32.x86_64_16.0.2.v20210721-1149\jre\bin\nio.dll
0x00007ffb2c990000 - 0x00007ffb2c999000 	D:\sts-4.11.1.RELEASE\plugins\org.eclipse.justj.openjdk.hotspot.jre.full.win32.x86_64_16.0.2.v20210721-1149\jre\bin\management.dll
0x00007ffb2b090000 - 0x00007ffb2b09b000 	D:\sts-4.11.1.RELEASE\plugins\org.eclipse.justj.openjdk.hotspot.jre.full.win32.x86_64_16.0.2.v20210721-1149\jre\bin\management_ext.dll
0x00007ffb2bb40000 - 0x00007ffb2bb55000 	C:\Windows\system32\napinsp.dll
0x00007ffb2bb20000 - 0x00007ffb2bb3a000 	C:\Windows\system32\pnrpnsp.dll
0x00007ffb36b10000 - 0x00007ffb36b28000 	C:\Windows\system32\NLAapi.dll
0x00007ffb39e80000 - 0x00007ffb39f28000 	C:\Windows\SYSTEM32\DNSAPI.dll
0x00007ffb2bb10000 - 0x00007ffb2bb1d000 	C:\Windows\System32\winrnr.dll
0x00007ffb2baf0000 - 0x00007ffb2bb05000 	C:\Windows\system32\wshbth.dll
0x00000000726a0000 - 0x00000000726c6000 	C:\Program Files\Bonjour\mdnsNSP.dll
0x00007ffb367f0000 - 0x00007ffb36828000 	C:\Windows\SYSTEM32\Iphlpapi.DLL
0x00007ffb36780000 - 0x00007ffb3678b000 	C:\Windows\SYSTEM32\WINNSI.DLL
0x00007ffb2bae0000 - 0x00007ffb2baea000 	C:\Windows\System32\rasadhlp.dll
0x00007ffb346e0000 - 0x00007ffb34748000 	C:\Windows\System32\fwpuclnt.dll
0x00007ffb3a800000 - 0x00007ffb3a828000 	C:\Windows\SYSTEM32\bcrypt.dll
0x00007ffb3a140000 - 0x00007ffb3a157000 	C:\Windows\SYSTEM32\CRYPTSP.dll
0x00007ffb39d90000 - 0x00007ffb39dc3000 	C:\Windows\system32\rsaenh.dll
0x00007ffb39f30000 - 0x00007ffb39f4f000 	C:\Windows\SYSTEM32\USERENV.dll
0x00007ffb3a690000 - 0x00007ffb3a6fb000 	C:\Windows\system32\bcryptprimitives.dll
0x00007ffb3a2b0000 - 0x00007ffb3a2bb000 	C:\Windows\SYSTEM32\CRYPTBASE.dll
0x00007ffb349e0000 - 0x00007ffb349f6000 	C:\Windows\SYSTEM32\dhcpcsvc6.DLL
0x00007ffb34b60000 - 0x00007ffb34b7a000 	C:\Windows\SYSTEM32\dhcpcsvc.DLL
0x00007ffb35800000 - 0x00007ffb35810000 	D:\sts-4.11.1.RELEASE\plugins\org.eclipse.justj.openjdk.hotspot.jre.full.win32.x86_64_16.0.2.v20210721-1149\jre\bin\verify.dll

dbghelp: loaded successfully - version: 4.0.5 - missing functions: none
symbol engine: initialized successfully - sym options: 0x614 - pdb path: .;D:\sts-4.11.1.RELEASE\plugins\org.eclipse.justj.openjdk.hotspot.jre.full.win32.x86_64_16.0.2.v20210721-1149\jre\bin;C:\Windows\SYSTEM32;C:\Program Files\Avast Software\Avast;C:\Windows\WinSxS\amd64_microsoft.windows.common-controls_6595b64144ccf1df_6.0.10240.17184_none_f41d7a705752bce6;D:\sts-4.11.1.RELEASE\plugins\org.eclipse.justj.openjdk.hotspot.jre.full.win32.x86_64_16.0.2.v20210721-1149\jre\bin\server;C:\Program Files\Bonjour

VM Arguments:
jvm_args: -Dcom.sun.management.jmxremote -Dcom.sun.management.jmxremote.port=63315 -Dcom.sun.management.jmxremote.authenticate=false -Dcom.sun.management.jmxremote.ssl=false -Djava.rmi.server.hostname=localhost -Dspring.jmx.enabled=true -Dspring.application.admin.enabled=true -XX:TieredStopAtLevel=1 -Dspring.boot.project.name=ordemservico-back -Dfile.encoding=UTF-8 -XX:+ShowCodeDetailsInExceptionMessages 
java_command: br.edu.ifms.ordemservico.OrdemservicoBackApplication --spring.output.ansi.enabled=always
java_class_path (initial): D:\ordemservico\ordemservico-back\target\classes;C:\Users\Adriano\.m2\repository\org\springframework\boot\spring-boot-starter-data-jpa\2.5.4\spring-boot-starter-data-jpa-2.5.4.jar;C:\Users\Adriano\.m2\repository\org\springframework\boot\spring-boot-starter-aop\2.5.4\spring-boot-starter-aop-2.5.4.jar;C:\Users\Adriano\.m2\repository\org\springframework\spring-aop\5.3.9\spring-aop-5.3.9.jar;C:\Users\Adriano\.m2\repository\org\aspectj\aspectjweaver\1.9.7\aspectjweaver-1.9.7.jar;C:\Users\Adriano\.m2\repository\org\springframework\boot\spring-boot-starter-jdbc\2.5.4\spring-boot-starter-jdbc-2.5.4.jar;C:\Users\Adriano\.m2\repository\com\zaxxer\HikariCP\4.0.3\HikariCP-4.0.3.jar;C:\Users\Adriano\.m2\repository\org\springframework\spring-jdbc\5.3.9\spring-jdbc-5.3.9.jar;C:\Users\Adriano\.m2\repository\jakarta\transaction\jakarta.transaction-api\1.3.3\jakarta.transaction-api-1.3.3.jar;C:\Users\Adriano\.m2\repository\jakarta\persistence\jakarta.persistence-api\2.2.3\jakarta.persistence-api-2.2.3.jar;C:\Users\Adriano\.m2\repository\org\hibernate\hibernate-core\5.4.32.Final\hibernate-core-5.4.32.Final.jar;C:\Users\Adriano\.m2\repository\org\jboss\logging\jboss-logging\3.4.2.Final\jboss-logging-3.4.2.Final.jar;C:\Users\Adriano\.m2\repository\org\javassist\javassist\3.27.0-GA\javassist-3.27.0-GA.jar;C:\Users\Adriano\.m2\repository\net\bytebuddy\byte-buddy\1.10.22\byte-buddy-1.10.22.jar;C:\Users\Adriano\.m2\repository\antlr\antlr\2.7.7\antlr-2.7.7.jar;C:\Users\Adriano\.m2\repository\org\jboss\jandex\2.2.3.Final\jandex-2.2.3.Final.jar;C:\Users\Adriano\.m2\repository\com\fasterxml\classmate\1.5.1\classmate-1.5.1.jar;C:\Users\Adriano\.m2\repository\org\dom4j\dom4j\2.1.3\dom4j-2.1.3.jar;C:\Users\Adriano\.m2\repository\org\hibernate\common\hibernate-commons-annotations\5.1.2.Final\hibernate-commons-annotations-5.1.2.Final.jar;C:\Users\Adriano\.m2\repository\org\glassfish\jaxb\jaxb-runtime\2.3.5\jaxb-runtime-2.3.5.jar;C:\Users\Adriano\.m2\repository\org\glassf
Launcher Type: SUN_STANDARD

[Global flags]
     intx CICompilerCount                          = 3                                         {product} {ergonomic}
     uint ConcGCThreads                            = 1                                         {product} {ergonomic}
     uint G1ConcRefinementThreads                  = 4                                         {product} {ergonomic}
   size_t G1HeapRegionSize                         = 1048576                                   {product} {ergonomic}
    uintx GCDrainStackTargetSize                   = 64                                        {product} {ergonomic}
   size_t InitialHeapSize                          = 31457280                                  {product} {ergonomic}
     bool ManagementServer                         = true                                      {product} {command line}
   size_t MarkStackSize                            = 4194304                                   {product} {ergonomic}
   size_t MaxHeapSize                              = 501219328                                 {product} {ergonomic}
   size_t MaxNewSize                               = 299892736                                 {product} {ergonomic}
   size_t MinHeapDeltaBytes                        = 1048576                                   {product} {ergonomic}
   size_t MinHeapSize                              = 8388608                                   {product} {ergonomic}
    uintx NonNMethodCodeHeapSize                   = 6973028                                {pd product} {ergonomic}
    uintx NonProfiledCodeHeapSize                  = 244685212                              {pd product} {ergonomic}
    uintx ProfiledCodeHeapSize                     = 0                                      {pd product} {ergonomic}
    uintx ReservedCodeCacheSize                    = 251658240                              {pd product} {ergonomic}
     bool SegmentedCodeCache                       = true                                      {product} {ergonomic}
     bool ShowCodeDetailsInExceptionMessages       = true                                   {manageable} {command line}
   size_t SoftMaxHeapSize                          = 501219328                              {manageable} {ergonomic}
     intx TieredStopAtLevel                        = 1                                         {product} {command line}
     bool UseCompressedClassPointers               = true                           {product lp64_product} {ergonomic}
     bool UseCompressedOops                        = true                           {product lp64_product} {ergonomic}
     bool UseG1GC                                  = true                                      {product} {ergonomic}
     bool UseLargePagesIndividualAllocation        = false                                  {pd product} {ergonomic}

Logging:
Log output configuration:
 #0: stdout all=warning uptime,level,tags
 #1: stderr all=off uptime,level,tags

Environment Variables:
PATH=D:/sts-4.11.1.RELEASE//plugins/org.eclipse.justj.openjdk.hotspot.jre.full.win32.x86_64_16.0.2.v20210721-1149/jre/bin/server;D:/sts-4.11.1.RELEASE//plugins/org.eclipse.justj.openjdk.hotspot.jre.full.win32.x86_64_16.0.2.v20210721-1149/jre/bin;C:\Program Files (x86)\Common Files\Oracle\Java\javapath;C:\Windows\system32;C:\Windows;C:\Windows\System32\Wbem;C:\Windows\System32\WindowsPowerShell\v1.0\;C:\Program Files\nodejs\;C:\Program Files\Git\cmd;C:\Users\Adriano\AppData\Roaming\npm;C:\texlive\2021\bin\win32;D:\sts-4.11.1.RELEASE;
USERNAME=Adriano
OS=Windows_NT
PROCESSOR_IDENTIFIER=Intel64 Family 6 Model 76 Stepping 4, GenuineIntel



---------------  S Y S T E M  ---------------

OS:
 Windows 10 , 64 bit Build 10240 (10.0.10240.17113)
OS uptime: 0 days 6:52 hours

CPU: total 4 (initial active 4) (4 cores per cpu, 1 threads per core) family 6 model 76 stepping 4 microcode 0x410, cx8, cmov, fxsr, mmx, 3dnowpref, sse, sse2, sse3, ssse3, sse4.1, sse4.2, popcnt, tsc, tscinvbit, aes, erms, clmul, clflush

Memory: 4k page, system-wide physical 1908M (59M free)
TotalPageFile size 5114M (AvailPageFile size 0M)
current process WorkingSet (physical memory assigned to process): 203M, peak: 203M
current process commit charge ("private bytes"): 231M, peak: 231M

vm_info: OpenJDK 64-Bit Server VM (16.0.2+7-67) for windows-amd64 JRE (16.0.2+7-67), built on Jun  8 2021 23:21:43 by "mach5one" with MS VC++ 16.7 (VS2019)

END.
